<?xml version="1.0" encoding="UTF-8"?>
<testsuite xmlns:xsi="http://www.w3.org/2001/XMLSchema-instance" xsi:noNamespaceSchemaLocation="https://maven.apache.org/surefire/maven-surefire-plugin/xsd/surefire-test-report-3.0.xsd" version="3.0" name="com.confuturo.runners.CucumberRunner" time="23.252" tests="13" errors="0" skipped="0" failures="1">
  <properties>
    <property name="java.specification.version" value="21"/>
    <property name="sun.cpu.isalist" value="amd64"/>
    <property name="sun.jnu.encoding" value="Cp1252"/>
    <property name="java.class.path" value="C:\Users\spena\Desktop\AutomationYamlAndJson\AutomationYamlAndJson\yaml-validator\target\test-classes;C:\Users\spena\Desktop\AutomationYamlAndJson\AutomationYamlAndJson\yaml-validator\target\classes;C:\Users\spena\.m2\repository\io\cucumber\cucumber-java\7.15.0\cucumber-java-7.15.0.jar;C:\Users\spena\.m2\repository\io\cucumber\cucumber-core\7.15.0\cucumber-core-7.15.0.jar;C:\Users\spena\.m2\repository\io\cucumber\cucumber-gherkin\7.15.0\cucumber-gherkin-7.15.0.jar;C:\Users\spena\.m2\repository\io\cucumber\cucumber-gherkin-messages\7.15.0\cucumber-gherkin-messages-7.15.0.jar;C:\Users\spena\.m2\repository\io\cucumber\gherkin\26.2.0\gherkin-26.2.0.jar;C:\Users\spena\.m2\repository\io\cucumber\messages\22.0.0\messages-22.0.0.jar;C:\Users\spena\.m2\repository\io\cucumber\tag-expressions\6.0.0\tag-expressions-6.0.0.jar;C:\Users\spena\.m2\repository\io\cucumber\cucumber-expressions\17.0.1\cucumber-expressions-17.0.1.jar;C:\Users\spena\.m2\repository\io\cucumber\datatable\7.15.0\datatable-7.15.0.jar;C:\Users\spena\.m2\repository\io\cucumber\cucumber-plugin\7.15.0\cucumber-plugin-7.15.0.jar;C:\Users\spena\.m2\repository\io\cucumber\docstring\7.15.0\docstring-7.15.0.jar;C:\Users\spena\.m2\repository\io\cucumber\html-formatter\20.4.0\html-formatter-20.4.0.jar;C:\Users\spena\.m2\repository\io\cucumber\junit-xml-formatter\0.2.0\junit-xml-formatter-0.2.0.jar;C:\Users\spena\.m2\repository\io\cucumber\ci-environment\10.0.0\ci-environment-10.0.0.jar;C:\Users\spena\.m2\repository\org\apiguardian\apiguardian-api\1.1.2\apiguardian-api-1.1.2.jar;C:\Users\spena\.m2\repository\io\cucumber\cucumber-junit\7.15.0\cucumber-junit-7.15.0.jar;C:\Users\spena\.m2\repository\org\yaml\snakeyaml\1.33\snakeyaml-1.33.jar;C:\Users\spena\.m2\repository\io\github\cdimascio\dotenv-java\2.3.2\dotenv-java-2.3.2.jar;C:\Users\spena\.m2\repository\org\json\json\20230618\json-20230618.jar;C:\Users\spena\.m2\repository\org\gitlab4j\gitlab4j-api\5.4.0\gitlab4j-api-5.4.0.jar;C:\Users\spena\.m2\repository\jakarta\activation\jakarta.activation-api\1.2.2\jakarta.activation-api-1.2.2.jar;C:\Users\spena\.m2\repository\org\glassfish\jersey\inject\jersey-hk2\2.39.1\jersey-hk2-2.39.1.jar;C:\Users\spena\.m2\repository\org\glassfish\jersey\core\jersey-common\2.39.1\jersey-common-2.39.1.jar;C:\Users\spena\.m2\repository\jakarta\annotation\jakarta.annotation-api\1.3.5\jakarta.annotation-api-1.3.5.jar;C:\Users\spena\.m2\repository\org\glassfish\hk2\osgi-resource-locator\1.0.3\osgi-resource-locator-1.0.3.jar;C:\Users\spena\.m2\repository\org\glassfish\hk2\hk2-locator\2.6.1\hk2-locator-2.6.1.jar;C:\Users\spena\.m2\repository\org\glassfish\hk2\external\aopalliance-repackaged\2.6.1\aopalliance-repackaged-2.6.1.jar;C:\Users\spena\.m2\repository\org\glassfish\hk2\hk2-api\2.6.1\hk2-api-2.6.1.jar;C:\Users\spena\.m2\repository\org\glassfish\hk2\hk2-utils\2.6.1\hk2-utils-2.6.1.jar;C:\Users\spena\.m2\repository\org\javassist\javassist\3.29.0-GA\javassist-3.29.0-GA.jar;C:\Users\spena\.m2\repository\org\glassfish\jersey\core\jersey-client\2.39.1\jersey-client-2.39.1.jar;C:\Users\spena\.m2\repository\jakarta\ws\rs\jakarta.ws.rs-api\2.1.6\jakarta.ws.rs-api-2.1.6.jar;C:\Users\spena\.m2\repository\org\glassfish\hk2\external\jakarta.inject\2.6.1\jakarta.inject-2.6.1.jar;C:\Users\spena\.m2\repository\org\glassfish\jersey\connectors\jersey-apache-connector\2.39.1\jersey-apache-connector-2.39.1.jar;C:\Users\spena\.m2\repository\org\apache\httpcomponents\httpclient\4.5.13\httpclient-4.5.13.jar;C:\Users\spena\.m2\repository\org\apache\httpcomponents\httpcore\4.4.13\httpcore-4.4.13.jar;C:\Users\spena\.m2\repository\commons-logging\commons-logging\1.2\commons-logging-1.2.jar;C:\Users\spena\.m2\repository\commons-codec\commons-codec\1.11\commons-codec-1.11.jar;C:\Users\spena\.m2\repository\org\glassfish\jersey\media\jersey-media-multipart\2.39.1\jersey-media-multipart-2.39.1.jar;C:\Users\spena\.m2\repository\org\jvnet\mimepull\mimepull\1.9.15\mimepull-1.9.15.jar;C:\Users\spena\.m2\repository\org\glassfish\jersey\media\jersey-media-json-jackson\2.39.1\jersey-media-json-jackson-2.39.1.jar;C:\Users\spena\.m2\repository\org\glassfish\jersey\ext\jersey-entity-filtering\2.39.1\jersey-entity-filtering-2.39.1.jar;C:\Users\spena\.m2\repository\com\fasterxml\jackson\module\jackson-module-jaxb-annotations\2.14.1\jackson-module-jaxb-annotations-2.14.1.jar;C:\Users\spena\.m2\repository\jakarta\xml\bind\jakarta.xml.bind-api\2.3.3\jakarta.xml.bind-api-2.3.3.jar;C:\Users\spena\.m2\repository\jakarta\servlet\jakarta.servlet-api\4.0.4\jakarta.servlet-api-4.0.4.jar;C:\Users\spena\.m2\repository\junit\junit\4.13.2\junit-4.13.2.jar;C:\Users\spena\.m2\repository\org\hamcrest\hamcrest-core\1.3\hamcrest-core-1.3.jar;C:\Users\spena\.m2\repository\org\assertj\assertj-core\3.24.2\assertj-core-3.24.2.jar;C:\Users\spena\.m2\repository\net\bytebuddy\byte-buddy\1.12.21\byte-buddy-1.12.21.jar;C:\Users\spena\.m2\repository\com\fasterxml\jackson\core\jackson-databind\2.15.2\jackson-databind-2.15.2.jar;C:\Users\spena\.m2\repository\com\fasterxml\jackson\core\jackson-annotations\2.15.2\jackson-annotations-2.15.2.jar;C:\Users\spena\.m2\repository\com\fasterxml\jackson\core\jackson-core\2.15.2\jackson-core-2.15.2.jar;C:\Users\spena\.m2\repository\com\google\code\gson\gson\2.10.1\gson-2.10.1.jar;C:\Users\spena\.m2\repository\org\projectlombok\lombok\1.18.30\lombok-1.18.30.jar;"/>
    <property name="java.vm.vendor" value="Oracle Corporation"/>
    <property name="sun.arch.data.model" value="64"/>
    <property name="user.variant" value=""/>
    <property name="java.vendor.url" value="https://java.oracle.com/"/>
    <property name="user.timezone" value="America/Santiago"/>
    <property name="os.name" value="Windows 10"/>
    <property name="java.vm.specification.version" value="21"/>
    <property name="sun.java.launcher" value="SUN_STANDARD"/>
    <property name="user.country" value="CL"/>
    <property name="sun.boot.library.path" value="C:\Program Files\Java\jdk-21\bin"/>
    <property name="sun.java.command" value="C:\Users\spena\AppData\Local\Temp\surefire2199219738200569610\surefirebooter-20250611151503475_3.jar C:\Users\spena\AppData\Local\Temp\surefire2199219738200569610 2025-06-11T15-15-03_146-jvmRun1 surefire-20250611151503475_1tmp surefire_0-20250611151503475_2tmp"/>
    <property name="jdk.debug" value="release"/>
    <property name="surefire.test.class.path" value="C:\Users\spena\Desktop\AutomationYamlAndJson\AutomationYamlAndJson\yaml-validator\target\test-classes;C:\Users\spena\Desktop\AutomationYamlAndJson\AutomationYamlAndJson\yaml-validator\target\classes;C:\Users\spena\.m2\repository\io\cucumber\cucumber-java\7.15.0\cucumber-java-7.15.0.jar;C:\Users\spena\.m2\repository\io\cucumber\cucumber-core\7.15.0\cucumber-core-7.15.0.jar;C:\Users\spena\.m2\repository\io\cucumber\cucumber-gherkin\7.15.0\cucumber-gherkin-7.15.0.jar;C:\Users\spena\.m2\repository\io\cucumber\cucumber-gherkin-messages\7.15.0\cucumber-gherkin-messages-7.15.0.jar;C:\Users\spena\.m2\repository\io\cucumber\gherkin\26.2.0\gherkin-26.2.0.jar;C:\Users\spena\.m2\repository\io\cucumber\messages\22.0.0\messages-22.0.0.jar;C:\Users\spena\.m2\repository\io\cucumber\tag-expressions\6.0.0\tag-expressions-6.0.0.jar;C:\Users\spena\.m2\repository\io\cucumber\cucumber-expressions\17.0.1\cucumber-expressions-17.0.1.jar;C:\Users\spena\.m2\repository\io\cucumber\datatable\7.15.0\datatable-7.15.0.jar;C:\Users\spena\.m2\repository\io\cucumber\cucumber-plugin\7.15.0\cucumber-plugin-7.15.0.jar;C:\Users\spena\.m2\repository\io\cucumber\docstring\7.15.0\docstring-7.15.0.jar;C:\Users\spena\.m2\repository\io\cucumber\html-formatter\20.4.0\html-formatter-20.4.0.jar;C:\Users\spena\.m2\repository\io\cucumber\junit-xml-formatter\0.2.0\junit-xml-formatter-0.2.0.jar;C:\Users\spena\.m2\repository\io\cucumber\ci-environment\10.0.0\ci-environment-10.0.0.jar;C:\Users\spena\.m2\repository\org\apiguardian\apiguardian-api\1.1.2\apiguardian-api-1.1.2.jar;C:\Users\spena\.m2\repository\io\cucumber\cucumber-junit\7.15.0\cucumber-junit-7.15.0.jar;C:\Users\spena\.m2\repository\org\yaml\snakeyaml\1.33\snakeyaml-1.33.jar;C:\Users\spena\.m2\repository\io\github\cdimascio\dotenv-java\2.3.2\dotenv-java-2.3.2.jar;C:\Users\spena\.m2\repository\org\json\json\20230618\json-20230618.jar;C:\Users\spena\.m2\repository\org\gitlab4j\gitlab4j-api\5.4.0\gitlab4j-api-5.4.0.jar;C:\Users\spena\.m2\repository\jakarta\activation\jakarta.activation-api\1.2.2\jakarta.activation-api-1.2.2.jar;C:\Users\spena\.m2\repository\org\glassfish\jersey\inject\jersey-hk2\2.39.1\jersey-hk2-2.39.1.jar;C:\Users\spena\.m2\repository\org\glassfish\jersey\core\jersey-common\2.39.1\jersey-common-2.39.1.jar;C:\Users\spena\.m2\repository\jakarta\annotation\jakarta.annotation-api\1.3.5\jakarta.annotation-api-1.3.5.jar;C:\Users\spena\.m2\repository\org\glassfish\hk2\osgi-resource-locator\1.0.3\osgi-resource-locator-1.0.3.jar;C:\Users\spena\.m2\repository\org\glassfish\hk2\hk2-locator\2.6.1\hk2-locator-2.6.1.jar;C:\Users\spena\.m2\repository\org\glassfish\hk2\external\aopalliance-repackaged\2.6.1\aopalliance-repackaged-2.6.1.jar;C:\Users\spena\.m2\repository\org\glassfish\hk2\hk2-api\2.6.1\hk2-api-2.6.1.jar;C:\Users\spena\.m2\repository\org\glassfish\hk2\hk2-utils\2.6.1\hk2-utils-2.6.1.jar;C:\Users\spena\.m2\repository\org\javassist\javassist\3.29.0-GA\javassist-3.29.0-GA.jar;C:\Users\spena\.m2\repository\org\glassfish\jersey\core\jersey-client\2.39.1\jersey-client-2.39.1.jar;C:\Users\spena\.m2\repository\jakarta\ws\rs\jakarta.ws.rs-api\2.1.6\jakarta.ws.rs-api-2.1.6.jar;C:\Users\spena\.m2\repository\org\glassfish\hk2\external\jakarta.inject\2.6.1\jakarta.inject-2.6.1.jar;C:\Users\spena\.m2\repository\org\glassfish\jersey\connectors\jersey-apache-connector\2.39.1\jersey-apache-connector-2.39.1.jar;C:\Users\spena\.m2\repository\org\apache\httpcomponents\httpclient\4.5.13\httpclient-4.5.13.jar;C:\Users\spena\.m2\repository\org\apache\httpcomponents\httpcore\4.4.13\httpcore-4.4.13.jar;C:\Users\spena\.m2\repository\commons-logging\commons-logging\1.2\commons-logging-1.2.jar;C:\Users\spena\.m2\repository\commons-codec\commons-codec\1.11\commons-codec-1.11.jar;C:\Users\spena\.m2\repository\org\glassfish\jersey\media\jersey-media-multipart\2.39.1\jersey-media-multipart-2.39.1.jar;C:\Users\spena\.m2\repository\org\jvnet\mimepull\mimepull\1.9.15\mimepull-1.9.15.jar;C:\Users\spena\.m2\repository\org\glassfish\jersey\media\jersey-media-json-jackson\2.39.1\jersey-media-json-jackson-2.39.1.jar;C:\Users\spena\.m2\repository\org\glassfish\jersey\ext\jersey-entity-filtering\2.39.1\jersey-entity-filtering-2.39.1.jar;C:\Users\spena\.m2\repository\com\fasterxml\jackson\module\jackson-module-jaxb-annotations\2.14.1\jackson-module-jaxb-annotations-2.14.1.jar;C:\Users\spena\.m2\repository\jakarta\xml\bind\jakarta.xml.bind-api\2.3.3\jakarta.xml.bind-api-2.3.3.jar;C:\Users\spena\.m2\repository\jakarta\servlet\jakarta.servlet-api\4.0.4\jakarta.servlet-api-4.0.4.jar;C:\Users\spena\.m2\repository\junit\junit\4.13.2\junit-4.13.2.jar;C:\Users\spena\.m2\repository\org\hamcrest\hamcrest-core\1.3\hamcrest-core-1.3.jar;C:\Users\spena\.m2\repository\org\assertj\assertj-core\3.24.2\assertj-core-3.24.2.jar;C:\Users\spena\.m2\repository\net\bytebuddy\byte-buddy\1.12.21\byte-buddy-1.12.21.jar;C:\Users\spena\.m2\repository\com\fasterxml\jackson\core\jackson-databind\2.15.2\jackson-databind-2.15.2.jar;C:\Users\spena\.m2\repository\com\fasterxml\jackson\core\jackson-annotations\2.15.2\jackson-annotations-2.15.2.jar;C:\Users\spena\.m2\repository\com\fasterxml\jackson\core\jackson-core\2.15.2\jackson-core-2.15.2.jar;C:\Users\spena\.m2\repository\com\google\code\gson\gson\2.10.1\gson-2.10.1.jar;C:\Users\spena\.m2\repository\org\projectlombok\lombok\1.18.30\lombok-1.18.30.jar;"/>
    <property name="sun.cpu.endian" value="little"/>
    <property name="user.home" value="C:\Users\spena"/>
    <property name="user.language" value="es"/>
    <property name="java.specification.vendor" value="Oracle Corporation"/>
    <property name="java.version.date" value="2024-07-16"/>
    <property name="java.home" value="C:\Program Files\Java\jdk-21"/>
    <property name="file.separator" value="\"/>
    <property name="basedir" value="C:\Users\spena\Desktop\AutomationYamlAndJson\AutomationYamlAndJson\yaml-validator"/>
    <property name="java.vm.compressedOopsMode" value="Zero based"/>
    <property name="line.separator" value="&#10;"/>
    <property name="java.vm.specification.vendor" value="Oracle Corporation"/>
    <property name="java.specification.name" value="Java Platform API Specification"/>
    <property name="surefire.real.class.path" value="C:\Users\spena\AppData\Local\Temp\surefire2199219738200569610\surefirebooter-20250611151503475_3.jar"/>
    <property name="user.script" value=""/>
    <property name="sun.management.compiler" value="HotSpot 64-Bit Tiered Compilers"/>
    <property name="java.runtime.version" value="21.0.4+8-LTS-274"/>
    <property name="user.name" value="spena"/>
    <property name="stdout.encoding" value="Cp1252"/>
    <property name="path.separator" value=";"/>
    <property name="os.version" value="10.0"/>
    <property name="java.runtime.name" value="Java(TM) SE Runtime Environment"/>
    <property name="file.encoding" value="UTF-8"/>
    <property name="java.vm.name" value="Java HotSpot(TM) 64-Bit Server VM"/>
    <property name="localRepository" value="C:\Users\spena\.m2\repository"/>
    <property name="java.vendor.url.bug" value="https://bugreport.java.com/bugreport/"/>
    <property name="java.io.tmpdir" value="C:\Users\spena\AppData\Local\Temp\"/>
    <property name="java.version" value="21.0.4"/>
    <property name="user.dir" value="C:\Users\spena\Desktop\AutomationYamlAndJson\AutomationYamlAndJson\yaml-validator"/>
    <property name="os.arch" value="amd64"/>
    <property name="java.vm.specification.name" value="Java Virtual Machine Specification"/>
    <property name="sun.os.patch.level" value=""/>
    <property name="native.encoding" value="Cp1252"/>
    <property name="java.library.path" value="C:\Program Files\Java\jdk-21\bin;C:\WINDOWS\Sun\Java\bin;C:\WINDOWS\system32;C:\WINDOWS;C:\Program Files\Common Files\Oracle\Java\javapath;C:\WINDOWS\system32;C:\WINDOWS;C:\WINDOWS\System32\Wbem;C:\WINDOWS\System32\WindowsPowerShell\v1.0\;C:\WINDOWS\System32\OpenSSH\;C:\Program Files\dotnet\;C:\Program Files\Microsoft SQL Server\130\Tools\Binn\;C:\Program Files\Microsoft SQL Server\Client SDK\ODBC\170\Tools\Binn\;C:\Program Files (x86)\Microsoft SQL Server\150\DTS\Binn\;C:\Program Files\Azure Data Studio\bin;C:\Users\mberkhoff\AppData\Roaming\nvm;C:\Program Files\nodejs;C:\Program Files\Git\cmd;C:\Program Files\apache-maven-3.9.9\bin;C:\Program Files\Java\jdk-21\bin;C:\Program Files\nodejs;C:\Program Files\;C:\Program Files\Apache\apache-maven-3.9.9\bin;C:\Users\spena\AppData\Local\Microsoft\WindowsApps;C:\Users\spena\AppData\Local\Programs\Microsoft VS Code\bin;C:\Users\spena\AppData\Roaming\npm;C:\Program Files\Git\mingw64\bin;C:\Program Files\Git\usr\bin;C:\cmder\vendor\bin;C:\cmder\bin;C:\cmder;."/>
    <property name="java.vm.info" value="mixed mode, sharing"/>
    <property name="stderr.encoding" value="Cp1252"/>
    <property name="java.vendor" value="Oracle Corporation"/>
    <property name="java.vm.version" value="21.0.4+8-LTS-274"/>
    <property name="sun.io.unicode.encoding" value="UnicodeLittle"/>
    <property name="java.class.version" value="65.0"/>
  </properties>
  <testcase name="Depuración del contenido JSON" classname="Validación de configuración de archivo json en ambiente de Desarrollo" time="2.266">
    <system-out><![CDATA[
Escenario: Depuración del contenido JSON                                                                                     # src/test/resources/features/json-validation-development.feature:8

===== INICIANDO ESCENARIO =====
Nombre: Depuración del contenido JSON

===== INICIANDO ESCENARIO =====
Nombre: Depuración del contenido JSON
Conectando al repositorio: confuturo_ti/portales-internos/transaction-manager/backend-transaction-manager
Buscando token en archivo .env...
Comprobando archivo .env en: C:\Users\spena\Desktop\AutomationYamlAndJson\AutomationYamlAndJson\yaml-validator\.env
Comprobando archivo .env en: C:\Users\spena\Desktop\AutomationYamlAndJson\AutomationYamlAndJson\yaml-validator\..\.env
Archivo .env encontrado en: C:\Users\spena\Desktop\AutomationYamlAndJson\AutomationYamlAndJson\yaml-validator\..\.env
Token encontrado en archivo .env: ../.env
Conexión a GitLab establecida correctamente
Conexión establecida correctamente al repositorio: confuturo_ti/portales-internos/transaction-manager/backend-transaction-manager
  Dado que tengo acceso al repositorio JSON "confuturo_ti/portales-internos/transaction-manager/backend-transaction-manager" # com.confuturo.steps.JsonValidationSteps.queAccesoAlRepositorioJson(java.lang.String)
Intentando leer archivo JSON: src/Backend.BackOffice.Zendesk/appsettings.Development.json del proyecto: confuturo_ti/portales-internos/transaction-manager/backend-transaction-manager
Proyecto encontrado con ID: 61972501
Intentando obtener archivo de la rama: develop
Archivo encontrado en la rama: develop
Contenido JSON guardado en 'gitlab-json-content.txt'
=== CONTENIDO JSON ORIGINAL ===
{
  "AppSettings": {
    "Version": "0.01.202411201030"
  },
  "ConnectionStrings": {
    "PensionesDB": "User Id=PENSIONES;Password=PENSIONES;Data Source=(DESCRIPTION=(ADDRESS_LIST=(ADDRESS=(PROTOCOL=TCP)(HOST=192.168.154.171)(PORT=1523)))(CONNECT_DATA=(SERVICE_NAME=PREVQA3)));Pooling=true;",
    "PensionesUserDB": "User Id=[usrPensiones];Password=abcabc12;Data Source=(DESCRIPTION=(ADDRESS_LIST=(ADDRESS=(PROTOCOL=TCP)(HOST=192.168.154.171)(PORT=1523)))(CONNECT_DATA=(SERVICE_NAME=PREVQA3)));Pooling=true;",
    "TransactionsDB": "Server=192.168.154.92;User ID=usr_transaction_manager;Password=KThJV1YrfGLE0Th;Port=5432;Database=transaction_manager;Integrated Security=true;Pooling=true;Include Error Detail=true;"
    //"TransactionsDB": "Server=localhost;User ID=postgres;Password=foo;Port=5432;Database=zendesk_transaction;Integrated Security=true;Pooling=true;Include Error Detail=true;"
  },
  "Logging": {
    "LogLevel": {
      "Default": "Information",
      "Microsoft.AspNetCore": "Warning"
    }
  },
  "TestMode": true, //modo test para el envio de los correos y la generacion de ticket en zendesk
  "Emails": "hcofre@confuturo.cl,mrojas@confuturo.cl,jovalle@confuturo.cl,jhernandezv@confuturo.cl",
  "Apis": {
    "Client": {
      "Url": "http://api-clientes.qa.seguros.local/clientes/"
    },  
    "Product": {
      "Url": "http://api-productos.qa.seguros.local/"
    },
    "Payment": {
      "Url": "http://api.qa.seguros.local/payment-service/"
    },
    "Pdf": {
      "Url": "https://pdf-service-42nqpimoca-uc.a.run.app/"
    },
    "Notifications": {
      "Url": "http://api-notificaciones.qa.seguros.local/notificaciones/"
    },
    "Zendesk": {
      "Url": "https://atencionconfuturo1616160263.zendesk.com/", //"https://atencionconfuturo.zendesk.com/",
      //"Token": "2a0bf8a49cf0b0b3fa9a5238ba236baea5d21cbba737a64c3557f80960544489",  //token para prod
      "User": "jvergarat@confuturo.cl",
      "Pass": "Confuturo2021",
      //"SendTicketFromEmail": true,
      //"Email": "support@atencionconfuturo.zendesk.com",
      //"Ticket": {
      //  "Channel": "Portal_clientes"
      //}
      "FormId": "20303878720020",
      "Process": "33125056531988", // Tramite
      "RemittanceNumber": "20303714924948", // Numero remesable
      "Policy": "20303361492884", // Poliza"
      "ProductFamily": "20303373617044", // Familia del producto
      "AttentionType": "20303563434644", // Tipo de atencion"
      "Attention": "20303615732628", // Atencion
      "AttentionChannel": "20303791201044", // canal de atencion
      "ProcessState": "33125265115284", // Estado Trámite
      "BranchOffice": "20303809226388", // sucursal
      "BranchOfficeName": "360044337571"
    },
    "Kta": {
      "Url": "http://192.168.68.19/vwnetx_Confuturo_Zendesk/",
      "User": "admin",
      "Pass": "admin"
    },
    "HumanResources": {
      "Url": "http://api.qa.seguros.local/rrhh/"
    }
  },
  "Keycloak": {
    "Url": "https://auth-qa.confuturo.cl/auth",
    "Realm": "confuturo-sso-qa",
    "User": "backend-transaction-manager", // backend-portal-privado
    "SecretKey": "" // 72aa71c7-55cf-4a18-b47a-a648cba6da6c
  },
  "UrlVisualTime": "http://testapps292.seguros.local/vtimenet/visualtime/bucvtpipe.aspx",
  "currentPeriodTest": "202410"
}
=== FIN DEL CONTENIDO ORIGINAL ===
JSON limpio guardado en 'cleaned-json-content.txt'
JSON parseado correctamente utilizando Jackson
=== CLAVES DE PRIMER NIVEL EN EL JSON ===
- Logging
- AppSettings
- Apis
- TestMode
- UrlVisualTime
- currentPeriodTest
- Emails
- Keycloak
- ConnectionStrings
======================================
  Cuando leo el archivo JSON "src/Backend.BackOffice.Zendesk/appsettings.Development.json"                                   # com.confuturo.steps.JsonValidationSteps.leoElArchivoJson(java.lang.String)
=== CONTENIDO JSON RECUPERADO ===
{
  "AppSettings": {
    "Version": "0.01.202411201030"
  },
  "ConnectionStrings": {
    "PensionesDB": "User Id=PENSIONES;Password=PENSIONES;Data Source=(DESCRIPTION=(ADDRESS_LIST=(ADDRESS=(PROTOCOL=TCP)(HOST=192.168.154.171)(PORT=1523)))(CONNECT_DATA=(SERVICE_NAME=PREVQA3)));Pooling=true;",
    "PensionesUserDB": "User Id=[usrPensiones];Password=abcabc12;Data Source=(DESCRIPTION=(ADDRESS_LIST=(ADDRESS=(PROTOCOL=TCP)(HOST=192.168.154.171)(PORT=1523)))(CONNECT_DATA=(SERVICE_NAME=PREVQA3)));Pooling=true;",
    "TransactionsDB": "Server=192.168.154.92;User ID=usr_transaction_manager;Password=KThJV1YrfGLE0Th;Port=5432;Database=transaction_manager;Integrated Security=true;Pooling=true;Include Error Detail=true;"
    //"TransactionsDB": "Server=localhost;User ID=postgres;Password=foo;Port=5432;Database=zendesk_transaction;Integrated Security=true;Pooling=true;Include Error Detail=true;"
  },
  "Logging": {
    "LogLevel": {
      "Default": "Information",
      "Microsoft.AspNetCore": "Warning"
    }
  },
  "TestMode": true, //modo test para el envio de los correos y la generacion de ticket en zendesk
  "Emails": "hcofre@confuturo.cl,mrojas@confuturo.cl,jovalle@confuturo.cl,jhernandezv@confuturo.cl",
  "Apis": {
    "Client": {
      "Url": "http://api-clientes.qa.seguros.local/clientes/"
    },  
    "Product": {
      "Url": "http://api-productos.qa.seguros.local/"
    },
    "Payment": {
      "Url": "http://api.qa.seguros.local/payment-service/"
    },
    "Pdf": {
      "Url": "https://pdf-service-42nqpimoca-uc.a.run.app/"
    },
    "Notifications": {
      "Url": "http://api-notificaciones.qa.seguros.local/notificaciones/"
    },
    "Zendesk": {
      "Url": "https://atencionconfuturo1616160263.zendesk.com/", //"https://atencionconfuturo.zendesk.com/",
      //"Token": "2a0bf8a49cf0b0b3fa9a5238ba236baea5d21cbba737a64c3557f80960544489",  //token para prod
      "User": "jvergarat@confuturo.cl",
      "Pass": "Confuturo2021",
      //"SendTicketFromEmail": true,
      //"Email": "support@atencionconfuturo.zendesk.com",
      //"Ticket": {
      //  "Channel": "Portal_clientes"
      //}
      "FormId": "20303878720020",
      "Process": "33125056531988", // Tramite
      "RemittanceNumber": "20303714924948", // Numero remesable
      "Policy": "20303361492884", // Poliza"
      "ProductFamily": "20303373617044", // Familia del producto
      "AttentionType": "20303563434644", // Tipo de atencion"
      "Attention": "20303615732628", // Atencion
      "AttentionChannel": "20303791201044", // canal de atencion
      "ProcessState": "33125265115284", // Estado Trámite
      "BranchOffice": "20303809226388", // sucursal
      "BranchOfficeName": "360044337571"
    },
    "Kta": {
      "Url": "http://192.168.68.19/vwnetx_Confuturo_Zendesk/",
      "User": "admin",
      "Pass": "admin"
    },
    "HumanResources": {
      "Url": "http://api.qa.seguros.local/rrhh/"
    }
  },
  "Keycloak": {
    "Url": "https://auth-qa.confuturo.cl/auth",
    "Realm": "confuturo-sso-qa",
    "User": "backend-transaction-manager", // backend-portal-privado
    "SecretKey": "" // 72aa71c7-55cf-4a18-b47a-a648cba6da6c
  },
  "UrlVisualTime": "http://testapps292.seguros.local/vtimenet/visualtime/bucvtpipe.aspx",
  "currentPeriodTest": "202410"
}
=== FIN DEL CONTENIDO JSON ===
=== CLAVES DE PRIMER NIVEL ===
- Logging
- AppSettings
- Apis
- TestMode
- UrlVisualTime
- currentPeriodTest
- Emails
- Keycloak
- ConnectionStrings
=== FIN DE CLAVES DE PRIMER NIVEL ===
  Entonces imprimo el contenido del JSON para depuración                                                                     # com.confuturo.steps.JsonValidationSteps.imprimoElContenidoDelJsonParaDepuracion()

===== ESCENARIO EXITOSO =====
Nombre: Depuración del contenido JSON

===== ESCENARIO EXITOSO =====
Nombre: Depuración del contenido JSON
]]></system-out>
  </testcase>
  <testcase name="Verificar datos mas relevantes del archivo" classname="Validación de configuración de archivo json en ambiente de Desarrollo" time="1.916">
    <system-out><![CDATA[
Escenario: Verificar datos mas relevantes del archivo                                                                              # src/test/resources/features/json-validation-development.feature:13

===== INICIANDO ESCENARIO =====
Nombre: Verificar datos mas relevantes del archivo

===== INICIANDO ESCENARIO =====
Nombre: Verificar datos mas relevantes del archivo
Conectando al repositorio: confuturo_ti/portales-internos/transaction-manager/backend-transaction-manager
Buscando token en archivo .env...
Comprobando archivo .env en: C:\Users\spena\Desktop\AutomationYamlAndJson\AutomationYamlAndJson\yaml-validator\.env
Comprobando archivo .env en: C:\Users\spena\Desktop\AutomationYamlAndJson\AutomationYamlAndJson\yaml-validator\..\.env
Archivo .env encontrado en: C:\Users\spena\Desktop\AutomationYamlAndJson\AutomationYamlAndJson\yaml-validator\..\.env
Token encontrado en archivo .env: ../.env
Conexión a GitLab establecida correctamente
Conexión establecida correctamente al repositorio: confuturo_ti/portales-internos/transaction-manager/backend-transaction-manager
  Dado que tengo acceso al repositorio JSON "confuturo_ti/portales-internos/transaction-manager/backend-transaction-manager"       # com.confuturo.steps.JsonValidationSteps.queAccesoAlRepositorioJson(java.lang.String)
Intentando leer archivo JSON: src/Backend.BackOffice.Zendesk/appsettings.Development.json del proyecto: confuturo_ti/portales-internos/transaction-manager/backend-transaction-manager
Proyecto encontrado con ID: 61972501
Intentando obtener archivo de la rama: develop
Archivo encontrado en la rama: develop
Contenido JSON guardado en 'gitlab-json-content.txt'
=== CONTENIDO JSON ORIGINAL ===
{
  "AppSettings": {
    "Version": "0.01.202411201030"
  },
  "ConnectionStrings": {
    "PensionesDB": "User Id=PENSIONES;Password=PENSIONES;Data Source=(DESCRIPTION=(ADDRESS_LIST=(ADDRESS=(PROTOCOL=TCP)(HOST=192.168.154.171)(PORT=1523)))(CONNECT_DATA=(SERVICE_NAME=PREVQA3)));Pooling=true;",
    "PensionesUserDB": "User Id=[usrPensiones];Password=abcabc12;Data Source=(DESCRIPTION=(ADDRESS_LIST=(ADDRESS=(PROTOCOL=TCP)(HOST=192.168.154.171)(PORT=1523)))(CONNECT_DATA=(SERVICE_NAME=PREVQA3)));Pooling=true;",
    "TransactionsDB": "Server=192.168.154.92;User ID=usr_transaction_manager;Password=KThJV1YrfGLE0Th;Port=5432;Database=transaction_manager;Integrated Security=true;Pooling=true;Include Error Detail=true;"
    //"TransactionsDB": "Server=localhost;User ID=postgres;Password=foo;Port=5432;Database=zendesk_transaction;Integrated Security=true;Pooling=true;Include Error Detail=true;"
  },
  "Logging": {
    "LogLevel": {
      "Default": "Information",
      "Microsoft.AspNetCore": "Warning"
    }
  },
  "TestMode": true, //modo test para el envio de los correos y la generacion de ticket en zendesk
  "Emails": "hcofre@confuturo.cl,mrojas@confuturo.cl,jovalle@confuturo.cl,jhernandezv@confuturo.cl",
  "Apis": {
    "Client": {
      "Url": "http://api-clientes.qa.seguros.local/clientes/"
    },  
    "Product": {
      "Url": "http://api-productos.qa.seguros.local/"
    },
    "Payment": {
      "Url": "http://api.qa.seguros.local/payment-service/"
    },
    "Pdf": {
      "Url": "https://pdf-service-42nqpimoca-uc.a.run.app/"
    },
    "Notifications": {
      "Url": "http://api-notificaciones.qa.seguros.local/notificaciones/"
    },
    "Zendesk": {
      "Url": "https://atencionconfuturo1616160263.zendesk.com/", //"https://atencionconfuturo.zendesk.com/",
      //"Token": "2a0bf8a49cf0b0b3fa9a5238ba236baea5d21cbba737a64c3557f80960544489",  //token para prod
      "User": "jvergarat@confuturo.cl",
      "Pass": "Confuturo2021",
      //"SendTicketFromEmail": true,
      //"Email": "support@atencionconfuturo.zendesk.com",
      //"Ticket": {
      //  "Channel": "Portal_clientes"
      //}
      "FormId": "20303878720020",
      "Process": "33125056531988", // Tramite
      "RemittanceNumber": "20303714924948", // Numero remesable
      "Policy": "20303361492884", // Poliza"
      "ProductFamily": "20303373617044", // Familia del producto
      "AttentionType": "20303563434644", // Tipo de atencion"
      "Attention": "20303615732628", // Atencion
      "AttentionChannel": "20303791201044", // canal de atencion
      "ProcessState": "33125265115284", // Estado Trámite
      "BranchOffice": "20303809226388", // sucursal
      "BranchOfficeName": "360044337571"
    },
    "Kta": {
      "Url": "http://192.168.68.19/vwnetx_Confuturo_Zendesk/",
      "User": "admin",
      "Pass": "admin"
    },
    "HumanResources": {
      "Url": "http://api.qa.seguros.local/rrhh/"
    }
  },
  "Keycloak": {
    "Url": "https://auth-qa.confuturo.cl/auth",
    "Realm": "confuturo-sso-qa",
    "User": "backend-transaction-manager", // backend-portal-privado
    "SecretKey": "" // 72aa71c7-55cf-4a18-b47a-a648cba6da6c
  },
  "UrlVisualTime": "http://testapps292.seguros.local/vtimenet/visualtime/bucvtpipe.aspx",
  "currentPeriodTest": "202410"
}
=== FIN DEL CONTENIDO ORIGINAL ===
JSON limpio guardado en 'cleaned-json-content.txt'
JSON parseado correctamente utilizando Jackson
=== CLAVES DE PRIMER NIVEL EN EL JSON ===
- Logging
- AppSettings
- Apis
- TestMode
- UrlVisualTime
- currentPeriodTest
- Emails
- Keycloak
- ConnectionStrings
======================================
  Cuando leo el archivo JSON "src/Backend.BackOffice.Zendesk/appsettings.Development.json"                                         # com.confuturo.steps.JsonValidationSteps.leoElArchivoJson(java.lang.String)
Campo: Apis.Client.Url
Valor esperado: 'http://api-clientes.qa.seguros.local/clientes/'
Valor actual: 'http://api-clientes.qa.seguros.local/clientes/'
  Entonces el JSON debe contener el campo "Apis.Client.Url" con valor "http://api-clientes.qa.seguros.local/clientes/"             # com.confuturo.steps.JsonValidationSteps.elJsonDebeContenerCampoConValorTexto(java.lang.String,java.lang.String)
Campo: Apis.Product.Url
Valor esperado: 'http://api-productos.qa.seguros.local/'
Valor actual: 'http://api-productos.qa.seguros.local/'
  Y el JSON debe contener el campo "Apis.Product.Url" con valor "http://api-productos.qa.seguros.local/"                           # com.confuturo.steps.JsonValidationSteps.elJsonDebeContenerCampoConValorTexto(java.lang.String,java.lang.String)
Campo: Apis.Payment.Url
Valor esperado: 'http://api.qa.seguros.local/payment-service/'
Valor actual: 'http://api.qa.seguros.local/payment-service/'
  Y el JSON debe contener el campo "Apis.Payment.Url" con valor "http://api.qa.seguros.local/payment-service/"                     # com.confuturo.steps.JsonValidationSteps.elJsonDebeContenerCampoConValorTexto(java.lang.String,java.lang.String)
Campo: Apis.Pdf.Url
Valor esperado: 'https://pdf-service-42nqpimoca-uc.a.run.app/'
Valor actual: 'https://pdf-service-42nqpimoca-uc.a.run.app/'
  Y el JSON debe contener el campo "Apis.Pdf.Url" con valor "https://pdf-service-42nqpimoca-uc.a.run.app/"                         # com.confuturo.steps.JsonValidationSteps.elJsonDebeContenerCampoConValorTexto(java.lang.String,java.lang.String)
Campo: Apis.Notifications.Url
Valor esperado: 'http://api-notificaciones.qa.seguros.local/notificaciones/'
Valor actual: 'http://api-notificaciones.qa.seguros.local/notificaciones/'
  Y el JSON debe contener el campo "Apis.Notifications.Url" con valor "http://api-notificaciones.qa.seguros.local/notificaciones/" # com.confuturo.steps.JsonValidationSteps.elJsonDebeContenerCampoConValorTexto(java.lang.String,java.lang.String)

===== ESCENARIO EXITOSO =====
Nombre: Verificar datos mas relevantes del archivo

===== ESCENARIO EXITOSO =====
Nombre: Verificar datos mas relevantes del archivo
]]></system-out>
  </testcase>
  <testcase name="Verificar que el documento no contiene enlaces a rutas equivocadas" classname="Validación de configuración de archivo json en ambiente de Desarrollo" time="2.156">
    <system-out><![CDATA[
Escenario: Verificar que el documento no contiene enlaces a rutas equivocadas                                                # src/test/resources/features/json-validation-development.feature:22

===== INICIANDO ESCENARIO =====
Nombre: Verificar que el documento no contiene enlaces a rutas equivocadas

===== INICIANDO ESCENARIO =====
Nombre: Verificar que el documento no contiene enlaces a rutas equivocadas
Conectando al repositorio: confuturo_ti/portales-internos/transaction-manager/backend-transaction-manager
Buscando token en archivo .env...
Comprobando archivo .env en: C:\Users\spena\Desktop\AutomationYamlAndJson\AutomationYamlAndJson\yaml-validator\.env
Comprobando archivo .env en: C:\Users\spena\Desktop\AutomationYamlAndJson\AutomationYamlAndJson\yaml-validator\..\.env
Archivo .env encontrado en: C:\Users\spena\Desktop\AutomationYamlAndJson\AutomationYamlAndJson\yaml-validator\..\.env
Token encontrado en archivo .env: ../.env
Conexión a GitLab establecida correctamente
Conexión establecida correctamente al repositorio: confuturo_ti/portales-internos/transaction-manager/backend-transaction-manager
  Dado que tengo acceso al repositorio JSON "confuturo_ti/portales-internos/transaction-manager/backend-transaction-manager" # com.confuturo.steps.JsonValidationSteps.queAccesoAlRepositorioJson(java.lang.String)
Intentando leer archivo JSON: src/Backend.BackOffice.Zendesk/appsettings.Development.json del proyecto: confuturo_ti/portales-internos/transaction-manager/backend-transaction-manager
Proyecto encontrado con ID: 61972501
Intentando obtener archivo de la rama: develop
Archivo encontrado en la rama: develop
Contenido JSON guardado en 'gitlab-json-content.txt'
=== CONTENIDO JSON ORIGINAL ===
{
  "AppSettings": {
    "Version": "0.01.202411201030"
  },
  "ConnectionStrings": {
    "PensionesDB": "User Id=PENSIONES;Password=PENSIONES;Data Source=(DESCRIPTION=(ADDRESS_LIST=(ADDRESS=(PROTOCOL=TCP)(HOST=192.168.154.171)(PORT=1523)))(CONNECT_DATA=(SERVICE_NAME=PREVQA3)));Pooling=true;",
    "PensionesUserDB": "User Id=[usrPensiones];Password=abcabc12;Data Source=(DESCRIPTION=(ADDRESS_LIST=(ADDRESS=(PROTOCOL=TCP)(HOST=192.168.154.171)(PORT=1523)))(CONNECT_DATA=(SERVICE_NAME=PREVQA3)));Pooling=true;",
    "TransactionsDB": "Server=192.168.154.92;User ID=usr_transaction_manager;Password=KThJV1YrfGLE0Th;Port=5432;Database=transaction_manager;Integrated Security=true;Pooling=true;Include Error Detail=true;"
    //"TransactionsDB": "Server=localhost;User ID=postgres;Password=foo;Port=5432;Database=zendesk_transaction;Integrated Security=true;Pooling=true;Include Error Detail=true;"
  },
  "Logging": {
    "LogLevel": {
      "Default": "Information",
      "Microsoft.AspNetCore": "Warning"
    }
  },
  "TestMode": true, //modo test para el envio de los correos y la generacion de ticket en zendesk
  "Emails": "hcofre@confuturo.cl,mrojas@confuturo.cl,jovalle@confuturo.cl,jhernandezv@confuturo.cl",
  "Apis": {
    "Client": {
      "Url": "http://api-clientes.qa.seguros.local/clientes/"
    },  
    "Product": {
      "Url": "http://api-productos.qa.seguros.local/"
    },
    "Payment": {
      "Url": "http://api.qa.seguros.local/payment-service/"
    },
    "Pdf": {
      "Url": "https://pdf-service-42nqpimoca-uc.a.run.app/"
    },
    "Notifications": {
      "Url": "http://api-notificaciones.qa.seguros.local/notificaciones/"
    },
    "Zendesk": {
      "Url": "https://atencionconfuturo1616160263.zendesk.com/", //"https://atencionconfuturo.zendesk.com/",
      //"Token": "2a0bf8a49cf0b0b3fa9a5238ba236baea5d21cbba737a64c3557f80960544489",  //token para prod
      "User": "jvergarat@confuturo.cl",
      "Pass": "Confuturo2021",
      //"SendTicketFromEmail": true,
      //"Email": "support@atencionconfuturo.zendesk.com",
      //"Ticket": {
      //  "Channel": "Portal_clientes"
      //}
      "FormId": "20303878720020",
      "Process": "33125056531988", // Tramite
      "RemittanceNumber": "20303714924948", // Numero remesable
      "Policy": "20303361492884", // Poliza"
      "ProductFamily": "20303373617044", // Familia del producto
      "AttentionType": "20303563434644", // Tipo de atencion"
      "Attention": "20303615732628", // Atencion
      "AttentionChannel": "20303791201044", // canal de atencion
      "ProcessState": "33125265115284", // Estado Trámite
      "BranchOffice": "20303809226388", // sucursal
      "BranchOfficeName": "360044337571"
    },
    "Kta": {
      "Url": "http://192.168.68.19/vwnetx_Confuturo_Zendesk/",
      "User": "admin",
      "Pass": "admin"
    },
    "HumanResources": {
      "Url": "http://api.qa.seguros.local/rrhh/"
    }
  },
  "Keycloak": {
    "Url": "https://auth-qa.confuturo.cl/auth",
    "Realm": "confuturo-sso-qa",
    "User": "backend-transaction-manager", // backend-portal-privado
    "SecretKey": "" // 72aa71c7-55cf-4a18-b47a-a648cba6da6c
  },
  "UrlVisualTime": "http://testapps292.seguros.local/vtimenet/visualtime/bucvtpipe.aspx",
  "currentPeriodTest": "202410"
}
=== FIN DEL CONTENIDO ORIGINAL ===
JSON limpio guardado en 'cleaned-json-content.txt'
JSON parseado correctamente utilizando Jackson
=== CLAVES DE PRIMER NIVEL EN EL JSON ===
- Logging
- AppSettings
- Apis
- TestMode
- UrlVisualTime
- currentPeriodTest
- Emails
- Keycloak
- ConnectionStrings
======================================
  Cuando leo el archivo JSON "src/Backend.BackOffice.Zendesk/appsettings.Development.json"                                   # com.confuturo.steps.JsonValidationSteps.leoElArchivoJson(java.lang.String)

===== VERIFICANDO QUE NO EXISTA LA PALABRA EXACTA =====
Palabra EXACTA que NO debe existir: 'prod'
Nota: Solo busca la palabra completa, no como parte de otras palabras
Patrón de búsqueda (palabra exacta): \b\Qprod\E\b
¿Palabra EXACTA encontrada? false
✓ Correcto: La palabra EXACTA 'prod' NO fue encontrada
ℹ Nota informativa: La secuencia 'prod' SÍ aparece como parte de otras palabras, pero NO como palabra independiente
  Ejemplo 1: ... }, "Product": { ...
  Ejemplo 2: ...": "http://api-productos.qa.seguro...
  Ejemplo 3: ...2884", "ProductFamily": "20...
  Entonces el archivo Json NO debe contener la palabra "prod"                                                                # com.confuturo.steps.JsonValidationSteps.elArchivoJsonNoDebeContenerLaPalabra(java.lang.String)

===== ESCENARIO EXITOSO =====
Nombre: Verificar que el documento no contiene enlaces a rutas equivocadas

===== ESCENARIO EXITOSO =====
Nombre: Verificar que el documento no contiene enlaces a rutas equivocadas
]]></system-out>
  </testcase>
  <testcase name="Depuración del contenido JSON" classname="Validación de configuración de archivo json en ambiente de Produccion #1" time="1.491">
    <system-out><![CDATA[
Escenario: Depuración del contenido JSON                                                                                     # src/test/resources/features/json-validation-prod.feature:8

===== INICIANDO ESCENARIO =====
Nombre: Depuración del contenido JSON

===== INICIANDO ESCENARIO =====
Nombre: Depuración del contenido JSON
Conectando al repositorio: confuturo_ti/portales-internos/transaction-manager/backend-transaction-manager
Buscando token en archivo .env...
Comprobando archivo .env en: C:\Users\spena\Desktop\AutomationYamlAndJson\AutomationYamlAndJson\yaml-validator\.env
Comprobando archivo .env en: C:\Users\spena\Desktop\AutomationYamlAndJson\AutomationYamlAndJson\yaml-validator\..\.env
Archivo .env encontrado en: C:\Users\spena\Desktop\AutomationYamlAndJson\AutomationYamlAndJson\yaml-validator\..\.env
Token encontrado en archivo .env: ../.env
Conexión a GitLab establecida correctamente
Conexión establecida correctamente al repositorio: confuturo_ti/portales-internos/transaction-manager/backend-transaction-manager
  Dado que tengo acceso al repositorio JSON "confuturo_ti/portales-internos/transaction-manager/backend-transaction-manager" # com.confuturo.steps.JsonValidationSteps.queAccesoAlRepositorioJson(java.lang.String)
Intentando leer archivo JSON: src/Backend.BackOffice.Zendesk/appsettings.Prod.json del proyecto: confuturo_ti/portales-internos/transaction-manager/backend-transaction-manager
Proyecto encontrado con ID: 61972501
Intentando obtener archivo de la rama: develop
Archivo encontrado en la rama: develop
Contenido JSON guardado en 'gitlab-json-content.txt'
=== CONTENIDO JSON ORIGINAL ===
{
  "AppSettings": {
    "Version": "0.01.202411201030"
  },
  "ConnectionStrings": {
    "PensionesDB": "connection-string",
    "TransactionsDB": "connection-string"
  },
  "Logging": {
    "LogLevel": {
      "Default": "Information",
      "Microsoft.AspNetCore": "Warning"
    }
  },
  "Apis": {
    "UrlClients": "http://api.seguros.local/clientes",
    "UrlProductos": "http://api.confuturo.cl/productos",
    "UrlPayment": "http://api.seguros.local/payment-service/",
    "Zendesk": {
      "Url": "zendesk-data",
      "Token": "zendesk-data",
      "SendTicketFromEmail": true,
      "Ticket": {
        "Channel": "zendesk-data"
      }
    }
  },
  "Keycloak": {
    "Url": "keycloak-url",
    "ClientId": "keycloak-url"
  }
}
=== FIN DEL CONTENIDO ORIGINAL ===
JSON limpio guardado en 'cleaned-json-content.txt'
JSON parseado correctamente utilizando Jackson
=== CLAVES DE PRIMER NIVEL EN EL JSON ===
- Logging
- AppSettings
- Apis
- Keycloak
- ConnectionStrings
======================================
  Cuando leo el archivo JSON "src/Backend.BackOffice.Zendesk/appsettings.Prod.json"                                          # com.confuturo.steps.JsonValidationSteps.leoElArchivoJson(java.lang.String)
=== CONTENIDO JSON RECUPERADO ===
{
  "AppSettings": {
    "Version": "0.01.202411201030"
  },
  "ConnectionStrings": {
    "PensionesDB": "connection-string",
    "TransactionsDB": "connection-string"
  },
  "Logging": {
    "LogLevel": {
      "Default": "Information",
      "Microsoft.AspNetCore": "Warning"
    }
  },
  "Apis": {
    "UrlClients": "http://api.seguros.local/clientes",
    "UrlProductos": "http://api.confuturo.cl/productos",
    "UrlPayment": "http://api.seguros.local/payment-service/",
    "Zendesk": {
      "Url": "zendesk-data",
      "Token": "zendesk-data",
      "SendTicketFromEmail": true,
      "Ticket": {
        "Channel": "zendesk-data"
      }
    }
  },
  "Keycloak": {
    "Url": "keycloak-url",
    "ClientId": "keycloak-url"
  }
}
=== FIN DEL CONTENIDO JSON ===
=== CLAVES DE PRIMER NIVEL ===
- Logging
- AppSettings
- Apis
- Keycloak
- ConnectionStrings
=== FIN DE CLAVES DE PRIMER NIVEL ===
  Entonces imprimo el contenido del JSON para depuración                                                                     # com.confuturo.steps.JsonValidationSteps.imprimoElContenidoDelJsonParaDepuracion()

===== ESCENARIO EXITOSO =====
Nombre: Depuración del contenido JSON

===== ESCENARIO EXITOSO =====
Nombre: Depuración del contenido JSON
]]></system-out>
  </testcase>
  <testcase name="Verificar datos mas relevantes del archivo" classname="Validación de configuración de archivo json en ambiente de Produccion #1" time="1.425">
    <system-out><![CDATA[
Escenario: Verificar datos mas relevantes del archivo                                                                        # src/test/resources/features/json-validation-prod.feature:13

===== INICIANDO ESCENARIO =====
Nombre: Verificar datos mas relevantes del archivo

===== INICIANDO ESCENARIO =====
Nombre: Verificar datos mas relevantes del archivo
Conectando al repositorio: confuturo_ti/portales-internos/transaction-manager/backend-transaction-manager
Buscando token en archivo .env...
Comprobando archivo .env en: C:\Users\spena\Desktop\AutomationYamlAndJson\AutomationYamlAndJson\yaml-validator\.env
Comprobando archivo .env en: C:\Users\spena\Desktop\AutomationYamlAndJson\AutomationYamlAndJson\yaml-validator\..\.env
Archivo .env encontrado en: C:\Users\spena\Desktop\AutomationYamlAndJson\AutomationYamlAndJson\yaml-validator\..\.env
Token encontrado en archivo .env: ../.env
Conexión a GitLab establecida correctamente
Conexión establecida correctamente al repositorio: confuturo_ti/portales-internos/transaction-manager/backend-transaction-manager
  Dado que tengo acceso al repositorio JSON "confuturo_ti/portales-internos/transaction-manager/backend-transaction-manager" # com.confuturo.steps.JsonValidationSteps.queAccesoAlRepositorioJson(java.lang.String)
Intentando leer archivo JSON: src/Backend.BackOffice.Zendesk/appsettings.Prod.json del proyecto: confuturo_ti/portales-internos/transaction-manager/backend-transaction-manager
Proyecto encontrado con ID: 61972501
Intentando obtener archivo de la rama: develop
Archivo encontrado en la rama: develop
Contenido JSON guardado en 'gitlab-json-content.txt'
=== CONTENIDO JSON ORIGINAL ===
{
  "AppSettings": {
    "Version": "0.01.202411201030"
  },
  "ConnectionStrings": {
    "PensionesDB": "connection-string",
    "TransactionsDB": "connection-string"
  },
  "Logging": {
    "LogLevel": {
      "Default": "Information",
      "Microsoft.AspNetCore": "Warning"
    }
  },
  "Apis": {
    "UrlClients": "http://api.seguros.local/clientes",
    "UrlProductos": "http://api.confuturo.cl/productos",
    "UrlPayment": "http://api.seguros.local/payment-service/",
    "Zendesk": {
      "Url": "zendesk-data",
      "Token": "zendesk-data",
      "SendTicketFromEmail": true,
      "Ticket": {
        "Channel": "zendesk-data"
      }
    }
  },
  "Keycloak": {
    "Url": "keycloak-url",
    "ClientId": "keycloak-url"
  }
}
=== FIN DEL CONTENIDO ORIGINAL ===
JSON limpio guardado en 'cleaned-json-content.txt'
JSON parseado correctamente utilizando Jackson
=== CLAVES DE PRIMER NIVEL EN EL JSON ===
- Logging
- AppSettings
- Apis
- Keycloak
- ConnectionStrings
======================================
  Cuando leo el archivo JSON "src/Backend.BackOffice.Zendesk/appsettings.Prod.json"                                          # com.confuturo.steps.JsonValidationSteps.leoElArchivoJson(java.lang.String)
Campo: Apis.UrlClients
Valor esperado: 'http://api.seguros.local/clientes'
Valor actual: 'http://api.seguros.local/clientes'
  Entonces el JSON debe contener el campo "Apis.UrlClients" con valor "http://api.seguros.local/clientes"                    # com.confuturo.steps.JsonValidationSteps.elJsonDebeContenerCampoConValorTexto(java.lang.String,java.lang.String)
Campo: Apis.UrlProductos
Valor esperado: 'http://api.confuturo.cl/productos'
Valor actual: 'http://api.confuturo.cl/productos'
  Y el JSON debe contener el campo "Apis.UrlProductos" con valor "http://api.confuturo.cl/productos"                         # com.confuturo.steps.JsonValidationSteps.elJsonDebeContenerCampoConValorTexto(java.lang.String,java.lang.String)
Campo: Apis.UrlPayment
Valor esperado: 'http://api.seguros.local/payment-service/'
Valor actual: 'http://api.seguros.local/payment-service/'
  Y el JSON debe contener el campo "Apis.UrlPayment" con valor "http://api.seguros.local/payment-service/"                   # com.confuturo.steps.JsonValidationSteps.elJsonDebeContenerCampoConValorTexto(java.lang.String,java.lang.String)

===== ESCENARIO EXITOSO =====
Nombre: Verificar datos mas relevantes del archivo

===== ESCENARIO EXITOSO =====
Nombre: Verificar datos mas relevantes del archivo
]]></system-out>
  </testcase>
  <testcase name="Verificar que el documento no contiene enlaces a rutas equivocadas" classname="Validación de configuración de archivo json en ambiente de Produccion #1" time="1.99">
    <system-out><![CDATA[
Escenario: Verificar que el documento no contiene enlaces a rutas equivocadas                                                # src/test/resources/features/json-validation-prod.feature:20

===== INICIANDO ESCENARIO =====
Nombre: Verificar que el documento no contiene enlaces a rutas equivocadas

===== INICIANDO ESCENARIO =====
Nombre: Verificar que el documento no contiene enlaces a rutas equivocadas
Conectando al repositorio: confuturo_ti/portales-internos/transaction-manager/backend-transaction-manager
Buscando token en archivo .env...
Comprobando archivo .env en: C:\Users\spena\Desktop\AutomationYamlAndJson\AutomationYamlAndJson\yaml-validator\.env
Comprobando archivo .env en: C:\Users\spena\Desktop\AutomationYamlAndJson\AutomationYamlAndJson\yaml-validator\..\.env
Archivo .env encontrado en: C:\Users\spena\Desktop\AutomationYamlAndJson\AutomationYamlAndJson\yaml-validator\..\.env
Token encontrado en archivo .env: ../.env
Conexión a GitLab establecida correctamente
Conexión establecida correctamente al repositorio: confuturo_ti/portales-internos/transaction-manager/backend-transaction-manager
  Dado que tengo acceso al repositorio JSON "confuturo_ti/portales-internos/transaction-manager/backend-transaction-manager" # com.confuturo.steps.JsonValidationSteps.queAccesoAlRepositorioJson(java.lang.String)
Intentando leer archivo JSON: src/Backend.BackOffice.Zendesk/appsettings.Prod.json del proyecto: confuturo_ti/portales-internos/transaction-manager/backend-transaction-manager
Proyecto encontrado con ID: 61972501
Intentando obtener archivo de la rama: develop
Archivo encontrado en la rama: develop
Contenido JSON guardado en 'gitlab-json-content.txt'
=== CONTENIDO JSON ORIGINAL ===
{
  "AppSettings": {
    "Version": "0.01.202411201030"
  },
  "ConnectionStrings": {
    "PensionesDB": "connection-string",
    "TransactionsDB": "connection-string"
  },
  "Logging": {
    "LogLevel": {
      "Default": "Information",
      "Microsoft.AspNetCore": "Warning"
    }
  },
  "Apis": {
    "UrlClients": "http://api.seguros.local/clientes",
    "UrlProductos": "http://api.confuturo.cl/productos",
    "UrlPayment": "http://api.seguros.local/payment-service/",
    "Zendesk": {
      "Url": "zendesk-data",
      "Token": "zendesk-data",
      "SendTicketFromEmail": true,
      "Ticket": {
        "Channel": "zendesk-data"
      }
    }
  },
  "Keycloak": {
    "Url": "keycloak-url",
    "ClientId": "keycloak-url"
  }
}
=== FIN DEL CONTENIDO ORIGINAL ===
JSON limpio guardado en 'cleaned-json-content.txt'
JSON parseado correctamente utilizando Jackson
=== CLAVES DE PRIMER NIVEL EN EL JSON ===
- Logging
- AppSettings
- Apis
- Keycloak
- ConnectionStrings
======================================
  Cuando leo el archivo JSON "src/Backend.BackOffice.Zendesk/appsettings.Prod.json"                                          # com.confuturo.steps.JsonValidationSteps.leoElArchivoJson(java.lang.String)

===== VERIFICANDO QUE NO EXISTA LA PALABRA EXACTA =====
Palabra EXACTA que NO debe existir: 'qa'
Nota: Solo busca la palabra completa, no como parte de otras palabras
Patrón de búsqueda (palabra exacta): \b\Qqa\E\b
¿Palabra EXACTA encontrada? false
✓ Correcto: La palabra EXACTA 'qa' NO fue encontrada
ℹ Confirmado: La secuencia 'qa' no aparece en absoluto en el archivo
  Entonces el archivo Json NO debe contener la palabra "qa"                                                                  # com.confuturo.steps.JsonValidationSteps.elArchivoJsonNoDebeContenerLaPalabra(java.lang.String)

===== VERIFICANDO QUE NO EXISTA LA PALABRA EXACTA =====
Palabra EXACTA que NO debe existir: 'development'
Nota: Solo busca la palabra completa, no como parte de otras palabras
Patrón de búsqueda (palabra exacta): \b\Qdevelopment\E\b
¿Palabra EXACTA encontrada? false
✓ Correcto: La palabra EXACTA 'development' NO fue encontrada
ℹ Confirmado: La secuencia 'development' no aparece en absoluto en el archivo
  Y el archivo Json NO debe contener la palabra "development"                                                                # com.confuturo.steps.JsonValidationSteps.elArchivoJsonNoDebeContenerLaPalabra(java.lang.String)

===== ESCENARIO EXITOSO =====
Nombre: Verificar que el documento no contiene enlaces a rutas equivocadas

===== ESCENARIO EXITOSO =====
Nombre: Verificar que el documento no contiene enlaces a rutas equivocadas
]]></system-out>
  </testcase>
  <testcase name="Depuración del contenido JSON" classname="Validación de configuración de archivo json en ambiente de QA" time="1.45">
    <system-out><![CDATA[
Escenario: Depuración del contenido JSON                                                                                     # src/test/resources/features/json-validation-qa.feature:8

===== INICIANDO ESCENARIO =====
Nombre: Depuración del contenido JSON

===== INICIANDO ESCENARIO =====
Nombre: Depuración del contenido JSON
Conectando al repositorio: confuturo_ti/portales-internos/transaction-manager/backend-transaction-manager
Buscando token en archivo .env...
Comprobando archivo .env en: C:\Users\spena\Desktop\AutomationYamlAndJson\AutomationYamlAndJson\yaml-validator\.env
Comprobando archivo .env en: C:\Users\spena\Desktop\AutomationYamlAndJson\AutomationYamlAndJson\yaml-validator\..\.env
Archivo .env encontrado en: C:\Users\spena\Desktop\AutomationYamlAndJson\AutomationYamlAndJson\yaml-validator\..\.env
Token encontrado en archivo .env: ../.env
Conexión a GitLab establecida correctamente
Conexión establecida correctamente al repositorio: confuturo_ti/portales-internos/transaction-manager/backend-transaction-manager
  Dado que tengo acceso al repositorio JSON "confuturo_ti/portales-internos/transaction-manager/backend-transaction-manager" # com.confuturo.steps.JsonValidationSteps.queAccesoAlRepositorioJson(java.lang.String)
Intentando leer archivo JSON: src/Backend.BackOffice.Zendesk/appsettings.QA.json del proyecto: confuturo_ti/portales-internos/transaction-manager/backend-transaction-manager
Proyecto encontrado con ID: 61972501
Intentando obtener archivo de la rama: develop
Archivo encontrado en la rama: develop
Contenido JSON guardado en 'gitlab-json-content.txt'
=== CONTENIDO JSON ORIGINAL ===
{
  "AppSettings": {
    "Version": "0.01.202411201030"
  },
  "ConnectionStrings": {
    "PensionesDB": "connection-string",
    "TransactionsDB": "connection-string"
  },
  "Logging": {
    "LogLevel": {
      "Default": "Information",
      "Microsoft.AspNetCore": "Warning"
    }
  },
  "TestMode": true, //modo test para el envio de los correos y la generacion de ticket en zendesk
  "Emails": "hcofre@confuturo.cl,mrojas@confuturo.cl,jovalle@confuturo.cl,jhernandezv@confuturo.cl",
  "Apis": {
    "UrlClients": "http://api-clientes.qa.seguros.local/clientes/",
    "UrlProductos": "http://api-productos.qa.seguros.local/",
    "UrlPayment": "http://api.qa.seguros.local/payment-service/",
    "Zendesk": {
      "Url": "zendesk-data",
      "TestMode": true,
      "SendTicketFromEmail": true,
      "Email": "zendesk-data",
      "Ticket": {
        "Channel": "zendesk-data"
      }
    }
  },
  "Keycloak": {
    "Url": "http://auth-qa.confuturo.cl/auth",
    "Realm": "confuturo-sso-qa",
    "User": "backend-transaction-manager"
  }
}
=== FIN DEL CONTENIDO ORIGINAL ===
JSON limpio guardado en 'cleaned-json-content.txt'
JSON parseado correctamente utilizando Jackson
=== CLAVES DE PRIMER NIVEL EN EL JSON ===
- Logging
- AppSettings
- Apis
- TestMode
- Emails
- Keycloak
- ConnectionStrings
======================================
  Cuando leo el archivo JSON "src/Backend.BackOffice.Zendesk/appsettings.QA.json"                                            # com.confuturo.steps.JsonValidationSteps.leoElArchivoJson(java.lang.String)
=== CONTENIDO JSON RECUPERADO ===
{
  "AppSettings": {
    "Version": "0.01.202411201030"
  },
  "ConnectionStrings": {
    "PensionesDB": "connection-string",
    "TransactionsDB": "connection-string"
  },
  "Logging": {
    "LogLevel": {
      "Default": "Information",
      "Microsoft.AspNetCore": "Warning"
    }
  },
  "TestMode": true, //modo test para el envio de los correos y la generacion de ticket en zendesk
  "Emails": "hcofre@confuturo.cl,mrojas@confuturo.cl,jovalle@confuturo.cl,jhernandezv@confuturo.cl",
  "Apis": {
    "UrlClients": "http://api-clientes.qa.seguros.local/clientes/",
    "UrlProductos": "http://api-productos.qa.seguros.local/",
    "UrlPayment": "http://api.qa.seguros.local/payment-service/",
    "Zendesk": {
      "Url": "zendesk-data",
      "TestMode": true,
      "SendTicketFromEmail": true,
      "Email": "zendesk-data",
      "Ticket": {
        "Channel": "zendesk-data"
      }
    }
  },
  "Keycloak": {
    "Url": "http://auth-qa.confuturo.cl/auth",
    "Realm": "confuturo-sso-qa",
    "User": "backend-transaction-manager"
  }
}
=== FIN DEL CONTENIDO JSON ===
=== CLAVES DE PRIMER NIVEL ===
- Logging
- AppSettings
- Apis
- TestMode
- Emails
- Keycloak
- ConnectionStrings
=== FIN DE CLAVES DE PRIMER NIVEL ===
  Entonces imprimo el contenido del JSON para depuración                                                                     # com.confuturo.steps.JsonValidationSteps.imprimoElContenidoDelJsonParaDepuracion()

===== ESCENARIO EXITOSO =====
Nombre: Depuración del contenido JSON

===== ESCENARIO EXITOSO =====
Nombre: Depuración del contenido JSON
]]></system-out>
  </testcase>
  <testcase name="Verificar datos mas relevantes del archivo" classname="Validación de configuración de archivo json en ambiente de QA" time="1.453">
    <system-out><![CDATA[
Escenario: Verificar datos mas relevantes del archivo                                                                        # src/test/resources/features/json-validation-qa.feature:13

===== INICIANDO ESCENARIO =====
Nombre: Verificar datos mas relevantes del archivo

===== INICIANDO ESCENARIO =====
Nombre: Verificar datos mas relevantes del archivo
Conectando al repositorio: confuturo_ti/portales-internos/transaction-manager/backend-transaction-manager
Buscando token en archivo .env...
Comprobando archivo .env en: C:\Users\spena\Desktop\AutomationYamlAndJson\AutomationYamlAndJson\yaml-validator\.env
Comprobando archivo .env en: C:\Users\spena\Desktop\AutomationYamlAndJson\AutomationYamlAndJson\yaml-validator\..\.env
Archivo .env encontrado en: C:\Users\spena\Desktop\AutomationYamlAndJson\AutomationYamlAndJson\yaml-validator\..\.env
Token encontrado en archivo .env: ../.env
Conexión a GitLab establecida correctamente
Conexión establecida correctamente al repositorio: confuturo_ti/portales-internos/transaction-manager/backend-transaction-manager
  Dado que tengo acceso al repositorio JSON "confuturo_ti/portales-internos/transaction-manager/backend-transaction-manager" # com.confuturo.steps.JsonValidationSteps.queAccesoAlRepositorioJson(java.lang.String)
Intentando leer archivo JSON: src/Backend.BackOffice.Zendesk/appsettings.QA.json del proyecto: confuturo_ti/portales-internos/transaction-manager/backend-transaction-manager
Proyecto encontrado con ID: 61972501
Intentando obtener archivo de la rama: develop
Archivo encontrado en la rama: develop
Contenido JSON guardado en 'gitlab-json-content.txt'
=== CONTENIDO JSON ORIGINAL ===
{
  "AppSettings": {
    "Version": "0.01.202411201030"
  },
  "ConnectionStrings": {
    "PensionesDB": "connection-string",
    "TransactionsDB": "connection-string"
  },
  "Logging": {
    "LogLevel": {
      "Default": "Information",
      "Microsoft.AspNetCore": "Warning"
    }
  },
  "TestMode": true, //modo test para el envio de los correos y la generacion de ticket en zendesk
  "Emails": "hcofre@confuturo.cl,mrojas@confuturo.cl,jovalle@confuturo.cl,jhernandezv@confuturo.cl",
  "Apis": {
    "UrlClients": "http://api-clientes.qa.seguros.local/clientes/",
    "UrlProductos": "http://api-productos.qa.seguros.local/",
    "UrlPayment": "http://api.qa.seguros.local/payment-service/",
    "Zendesk": {
      "Url": "zendesk-data",
      "TestMode": true,
      "SendTicketFromEmail": true,
      "Email": "zendesk-data",
      "Ticket": {
        "Channel": "zendesk-data"
      }
    }
  },
  "Keycloak": {
    "Url": "http://auth-qa.confuturo.cl/auth",
    "Realm": "confuturo-sso-qa",
    "User": "backend-transaction-manager"
  }
}
=== FIN DEL CONTENIDO ORIGINAL ===
JSON limpio guardado en 'cleaned-json-content.txt'
JSON parseado correctamente utilizando Jackson
=== CLAVES DE PRIMER NIVEL EN EL JSON ===
- Logging
- AppSettings
- Apis
- TestMode
- Emails
- Keycloak
- ConnectionStrings
======================================
  Cuando leo el archivo JSON "src/Backend.BackOffice.Zendesk/appsettings.QA.json"                                            # com.confuturo.steps.JsonValidationSteps.leoElArchivoJson(java.lang.String)
Campo: Apis.UrlClients
Valor esperado: 'http://api-clientes.qa.seguros.local/clientes/'
Valor actual: 'http://api-clientes.qa.seguros.local/clientes/'
  Entonces el JSON debe contener el campo "Apis.UrlClients" con valor "http://api-clientes.qa.seguros.local/clientes/"       # com.confuturo.steps.JsonValidationSteps.elJsonDebeContenerCampoConValorTexto(java.lang.String,java.lang.String)
Campo: Apis.UrlProductos
Valor esperado: 'http://api-productos.qa.seguros.local/'
Valor actual: 'http://api-productos.qa.seguros.local/'
  Y el JSON debe contener el campo "Apis.UrlProductos" con valor "http://api-productos.qa.seguros.local/"                    # com.confuturo.steps.JsonValidationSteps.elJsonDebeContenerCampoConValorTexto(java.lang.String,java.lang.String)
Campo: Apis.UrlPayment
Valor esperado: 'http://api.qa.seguros.local/payment-service/'
Valor actual: 'http://api.qa.seguros.local/payment-service/'
  Y el JSON debe contener el campo "Apis.UrlPayment" con valor "http://api.qa.seguros.local/payment-service/"                # com.confuturo.steps.JsonValidationSteps.elJsonDebeContenerCampoConValorTexto(java.lang.String,java.lang.String)
Campo: Keycloak.Url
Valor esperado: 'http://auth-qa.confuturo.cl/auth'
Valor actual: 'http://auth-qa.confuturo.cl/auth'
  Y el JSON debe contener el campo "Keycloak.Url" con valor "http://auth-qa.confuturo.cl/auth"                               # com.confuturo.steps.JsonValidationSteps.elJsonDebeContenerCampoConValorTexto(java.lang.String,java.lang.String)
Campo: Keycloak.Realm
Valor esperado: 'confuturo-sso-qa'
Valor actual: 'confuturo-sso-qa'
  Y el JSON debe contener el campo "Keycloak.Realm" con valor "confuturo-sso-qa"                                             # com.confuturo.steps.JsonValidationSteps.elJsonDebeContenerCampoConValorTexto(java.lang.String,java.lang.String)

===== ESCENARIO EXITOSO =====
Nombre: Verificar datos mas relevantes del archivo

===== ESCENARIO EXITOSO =====
Nombre: Verificar datos mas relevantes del archivo
]]></system-out>
  </testcase>
  <testcase name="Verificar que el documento no contiene enlaces a rutas equivocadas" classname="Validación de configuración de archivo json en ambiente de QA" time="1.724">
    <system-out><![CDATA[
Escenario: Verificar que el documento no contiene enlaces a rutas equivocadas                                                # src/test/resources/features/json-validation-qa.feature:23

===== INICIANDO ESCENARIO =====
Nombre: Verificar que el documento no contiene enlaces a rutas equivocadas

===== INICIANDO ESCENARIO =====
Nombre: Verificar que el documento no contiene enlaces a rutas equivocadas
Conectando al repositorio: confuturo_ti/portales-internos/transaction-manager/backend-transaction-manager
Buscando token en archivo .env...
Comprobando archivo .env en: C:\Users\spena\Desktop\AutomationYamlAndJson\AutomationYamlAndJson\yaml-validator\.env
Comprobando archivo .env en: C:\Users\spena\Desktop\AutomationYamlAndJson\AutomationYamlAndJson\yaml-validator\..\.env
Archivo .env encontrado en: C:\Users\spena\Desktop\AutomationYamlAndJson\AutomationYamlAndJson\yaml-validator\..\.env
Token encontrado en archivo .env: ../.env
Conexión a GitLab establecida correctamente
Conexión establecida correctamente al repositorio: confuturo_ti/portales-internos/transaction-manager/backend-transaction-manager
  Dado que tengo acceso al repositorio JSON "confuturo_ti/portales-internos/transaction-manager/backend-transaction-manager" # com.confuturo.steps.JsonValidationSteps.queAccesoAlRepositorioJson(java.lang.String)
Intentando leer archivo JSON: src/Backend.BackOffice.Zendesk/appsettings.QA.json del proyecto: confuturo_ti/portales-internos/transaction-manager/backend-transaction-manager
Proyecto encontrado con ID: 61972501
Intentando obtener archivo de la rama: develop
Archivo encontrado en la rama: develop
Contenido JSON guardado en 'gitlab-json-content.txt'
=== CONTENIDO JSON ORIGINAL ===
{
  "AppSettings": {
    "Version": "0.01.202411201030"
  },
  "ConnectionStrings": {
    "PensionesDB": "connection-string",
    "TransactionsDB": "connection-string"
  },
  "Logging": {
    "LogLevel": {
      "Default": "Information",
      "Microsoft.AspNetCore": "Warning"
    }
  },
  "TestMode": true, //modo test para el envio de los correos y la generacion de ticket en zendesk
  "Emails": "hcofre@confuturo.cl,mrojas@confuturo.cl,jovalle@confuturo.cl,jhernandezv@confuturo.cl",
  "Apis": {
    "UrlClients": "http://api-clientes.qa.seguros.local/clientes/",
    "UrlProductos": "http://api-productos.qa.seguros.local/",
    "UrlPayment": "http://api.qa.seguros.local/payment-service/",
    "Zendesk": {
      "Url": "zendesk-data",
      "TestMode": true,
      "SendTicketFromEmail": true,
      "Email": "zendesk-data",
      "Ticket": {
        "Channel": "zendesk-data"
      }
    }
  },
  "Keycloak": {
    "Url": "http://auth-qa.confuturo.cl/auth",
    "Realm": "confuturo-sso-qa",
    "User": "backend-transaction-manager"
  }
}
=== FIN DEL CONTENIDO ORIGINAL ===
JSON limpio guardado en 'cleaned-json-content.txt'
JSON parseado correctamente utilizando Jackson
=== CLAVES DE PRIMER NIVEL EN EL JSON ===
- Logging
- AppSettings
- Apis
- TestMode
- Emails
- Keycloak
- ConnectionStrings
======================================
  Cuando leo el archivo JSON "src/Backend.BackOffice.Zendesk/appsettings.QA.json"                                            # com.confuturo.steps.JsonValidationSteps.leoElArchivoJson(java.lang.String)
Campo: TestMode
Valor esperado: true
Valor actual: true
  Entonces el JSON debe contener el campo "TestMode" con valor booleano "true"                                               # com.confuturo.steps.JsonValidationSteps.elJsonDebeContenerCampoConValorBooleano(java.lang.String,java.lang.String)

===== VERIFICANDO QUE NO EXISTA LA PALABRA EXACTA =====
Palabra EXACTA que NO debe existir: 'prod'
Nota: Solo busca la palabra completa, no como parte de otras palabras
Patrón de búsqueda (palabra exacta): \b\Qprod\E\b
¿Palabra EXACTA encontrada? false
✓ Correcto: La palabra EXACTA 'prod' NO fue encontrada
ℹ Nota informativa: La secuencia 'prod' SÍ aparece como parte de otras palabras, pero NO como palabra independiente
  Ejemplo 1: ...tes/", "UrlProductos": "http:/...
  Ejemplo 2: ...": "http://api-productos.qa.seguro...
  Y el archivo Json NO debe contener la palabra "prod"                                                                       # com.confuturo.steps.JsonValidationSteps.elArchivoJsonNoDebeContenerLaPalabra(java.lang.String)

===== VERIFICANDO QUE NO EXISTA LA PALABRA EXACTA =====
Palabra EXACTA que NO debe existir: 'development'
Nota: Solo busca la palabra completa, no como parte de otras palabras
Patrón de búsqueda (palabra exacta): \b\Qdevelopment\E\b
¿Palabra EXACTA encontrada? false
✓ Correcto: La palabra EXACTA 'development' NO fue encontrada
ℹ Confirmado: La secuencia 'development' no aparece en absoluto en el archivo
  Y el archivo Json NO debe contener la palabra "development"                                                                # com.confuturo.steps.JsonValidationSteps.elArchivoJsonNoDebeContenerLaPalabra(java.lang.String)

===== ESCENARIO EXITOSO =====
Nombre: Verificar que el documento no contiene enlaces a rutas equivocadas

===== ESCENARIO EXITOSO =====
Nombre: Verificar que el documento no contiene enlaces a rutas equivocadas
]]></system-out>
  </testcase>
  <testcase name="El archivo YAML de produccion debe tener solo valores que hagan referencia a produccion" classname="Validación de configuración de archivo json en ambiente de Produccion #2" time="1.762">
    <system-out><![CDATA[
Escenario: El archivo YAML de produccion debe tener solo valores que hagan referencia a produccion                                                         # src/test/resources/features/yaml-validation_prod.feature:8

===== INICIANDO ESCENARIO =====
Nombre: El archivo YAML de produccion debe tener solo valores que hagan referencia a produccion

===== INICIANDO ESCENARIO =====
Nombre: El archivo YAML de produccion debe tener solo valores que hagan referencia a produccion
Conectando al repositorio: confuturo_ti/portales-internos/transaction-manager/backend-transaction-manager
Buscando token en archivo .env...
Comprobando archivo .env en: C:\Users\spena\Desktop\AutomationYamlAndJson\AutomationYamlAndJson\yaml-validator\.env
Comprobando archivo .env en: C:\Users\spena\Desktop\AutomationYamlAndJson\AutomationYamlAndJson\yaml-validator\..\.env
Archivo .env encontrado en: C:\Users\spena\Desktop\AutomationYamlAndJson\AutomationYamlAndJson\yaml-validator\..\.env
Token encontrado en archivo .env: ../.env
Conexión a GitLab establecida correctamente
Conexión establecida correctamente al repositorio: confuturo_ti/portales-internos/transaction-manager/backend-transaction-manager
  Dado que tengo acceso al repositorio "confuturo_ti/portales-internos/transaction-manager/backend-transaction-manager"                                    # com.confuturo.steps.YamlValidationSteps.queAccesoAlRepositorio(java.lang.String)
Intentando leer archivo: helm/prod-values-gke.yaml del proyecto: confuturo_ti/portales-internos/transaction-manager/backend-transaction-manager
Proyecto encontrado con ID: 61972501
Contenido YAML guardado en 'gitlab-yaml-content.txt'
=== CONTENIDO YAML ORIGINAL ===
Longitud: 3616 caracteres
Primeras 300 caracteres:
replicaCount: 1

image:
  repository: confuturocloud/backend-transaction-manager
  tag: "latest"

imagePullSecrets: 
  - name: confuturo-registry

nameOverride: ""
fullnameOverride: ""

serviceAccount:
  create: true
  annotations: {}
  name: ""

configmap:
  name: backend-transact
=== FIN DEL CONTENIDO ORIGINAL ===
=== PROCESO DE LIMPIEZA DE COMENTARIOS YAML ===
Línea 27:
  Original: [    Apis__Zendesk__Process: "25502377759892"             # Tramite]
  Limpia:   [    Apis__Zendesk__Process: "25502377759892"]
Línea 28:
  Original: [    Apis__Zendesk__RemittanceNumber: "16156973947668"    # Numero remesable]
  Limpia:   [    Apis__Zendesk__RemittanceNumber: "16156973947668"]
Línea 29:
  Original: [    Apis__Zendesk__Policy: "360044368191"                # Poliza]
  Limpia:   [    Apis__Zendesk__Policy: "360044368191"]
Línea 30:
  Original: [    Apis__Zendesk__ProductFamily: "360044358291"         # Familia del producto]
  Limpia:   [    Apis__Zendesk__ProductFamily: "360044358291"]
Línea 31:
  Original: [    Apis__Zendesk__AttentionType: "360045181951"         # Tipo de atencion]
  Limpia:   [    Apis__Zendesk__AttentionType: "360045181951"]
Línea 32:
  Original: [    Apis__Zendesk__Attention: "17111562171028"           # Atencion]
  Limpia:   [    Apis__Zendesk__Attention: "17111562171028"]
Línea 33:
  Original: [    Apis__Zendesk__AttentionChannel: "360044334951"    	 # canal de atencion]
  Limpia:   [    Apis__Zendesk__AttentionChannel: "360044334951"]
Línea 34:
  Original: [    Apis__Zendesk__ProcessState: "32024592093844"        # Estado Trámite]
  Limpia:   [    Apis__Zendesk__ProcessState: "32024592093844"]
Línea 35:
  Original: [    Apis__Zendesk__BranchOffice: "360044337571"          # sucursal]
  Limpia:   [    Apis__Zendesk__BranchOffice: "360044337571"]
Línea 36:
  Original: [    Apis__Zendesk__BranchOfficeName: "360044337571"      # Nombre de la Sucursal]
  Limpia:   [    Apis__Zendesk__BranchOfficeName: "360044337571"]
Líneas originales: 102
Líneas procesadas: 102
Comentarios eliminados: 10
=== FIN DEL PROCESO DE LIMPIEZA ===
YAML limpio guardado en 'cleaned-yaml-content.txt'
Longitud después de limpieza: 3361 caracteres
YAML limpio parseado correctamente
  Cuando leo el archivo "helm/prod-values-gke.yaml"                                                                                                        # com.confuturo.steps.YamlValidationSteps.leoElArchivo(java.lang.String)

===== VERIFICANDO CAMPO CON VALOR TEXTO =====
Campo: ASPNETCORE_ENVIRONMENT
Valor esperado: 'Production'
Valor del YAML parseado: 'Production'
Valor final obtenido: 'Production'
✓ Campo validado correctamente
  Entonces el archivo debe contener el campo "ASPNETCORE_ENVIRONMENT" con valor "Production"                                                               # com.confuturo.steps.YamlValidationSteps.elArchivoDebeContenerCampoConValorTexto(java.lang.String,java.lang.String)

===== VERIFICANDO CAMPO CON VALOR TEXTO =====
Campo: Apis__Client__Url
Valor esperado: 'http://cliente-servicio-api.prod-servicios-globales.svc.cluster.local/clientes/'
Valor del YAML parseado: 'http://cliente-servicio-api.prod-servicios-globales.svc.cluster.local/clientes/'
Valor final obtenido: 'http://cliente-servicio-api.prod-servicios-globales.svc.cluster.local/clientes/'
✓ Campo validado correctamente
  Y el archivo debe contener el campo "Apis__Client__Url" con valor "http://cliente-servicio-api.prod-servicios-globales.svc.cluster.local/clientes/"      # com.confuturo.steps.YamlValidationSteps.elArchivoDebeContenerCampoConValorTexto(java.lang.String,java.lang.String)

===== VERIFICANDO CAMPO CON VALOR TEXTO =====
Campo: Apis__Product__Url
Valor esperado: 'http://productos-services.prod-servicios-globales.svc.cluster.local/productos/'
Valor del YAML parseado: 'http://productos-services.prod-servicios-globales.svc.cluster.local/productos/'
Valor final obtenido: 'http://productos-services.prod-servicios-globales.svc.cluster.local/productos/'
✓ Campo validado correctamente
  Y el archivo debe contener el campo "Apis__Product__Url" con valor "http://productos-services.prod-servicios-globales.svc.cluster.local/productos/"      # com.confuturo.steps.YamlValidationSteps.elArchivoDebeContenerCampoConValorTexto(java.lang.String,java.lang.String)

===== VERIFICANDO CAMPO CON VALOR TEXTO =====
Campo: Apis__Payment__Url
Valor esperado: 'http://payment-service-api.prod-payment-services.svc.cluster.local/payment-service/'
Valor del YAML parseado: 'http://payment-service-api.prod-payment-services.svc.cluster.local/payment-service/'
Valor final obtenido: 'http://payment-service-api.prod-payment-services.svc.cluster.local/payment-service/'
✓ Campo validado correctamente
  Y el archivo debe contener el campo "Apis__Payment__Url" con valor "http://payment-service-api.prod-payment-services.svc.cluster.local/payment-service/" # com.confuturo.steps.YamlValidationSteps.elArchivoDebeContenerCampoConValorTexto(java.lang.String,java.lang.String)

===== VERIFICANDO CAMPO CON VALOR TEXTO =====
Campo: Apis__Zendesk__Url
Valor esperado: 'https://atencionconfuturo.zendesk.com/'
Valor del YAML parseado: 'https://atencionconfuturo.zendesk.com/'
Valor final obtenido: 'https://atencionconfuturo.zendesk.com/'
✓ Campo validado correctamente
  Y el archivo debe contener el campo "Apis__Zendesk__Url" con valor "https://atencionconfuturo.zendesk.com/"                                              # com.confuturo.steps.YamlValidationSteps.elArchivoDebeContenerCampoConValorTexto(java.lang.String,java.lang.String)

===== VERIFICANDO CAMPO CON VALOR TEXTO =====
Campo: Apis__Pdf__Url 
Valor esperado: 'http://pdf-service.prod-pdf-service.svc.cluster.local/pdf-service/'
Valor del YAML parseado: 'http://pdf-service.prod-pdf-service.svc.cluster.local/pdf-service/'
Valor final obtenido: 'http://pdf-service.prod-pdf-service.svc.cluster.local/pdf-service/'
✓ Campo validado correctamente
  Y el archivo debe contener el campo "Apis__Pdf__Url " con valor "http://pdf-service.prod-pdf-service.svc.cluster.local/pdf-service/"                     # com.confuturo.steps.YamlValidationSteps.elArchivoDebeContenerCampoConValorTexto(java.lang.String,java.lang.String)

===== VERIFICANDO CAMPO CON VALOR TEXTO =====
Campo: Apis__Kta__Url 
Valor esperado: 'http://192.168.83.90/vwnetx_Confuturo_Zendesk/'
Valor del YAML parseado: 'http://192.168.83.90/vwnetx_Confuturo_Zendesk/'
Valor final obtenido: 'http://192.168.83.90/vwnetx_Confuturo_Zendesk/'
✓ Campo validado correctamente
  Y el archivo debe contener el campo "Apis__Kta__Url " con valor "http://192.168.83.90/vwnetx_Confuturo_Zendesk/"                                         # com.confuturo.steps.YamlValidationSteps.elArchivoDebeContenerCampoConValorTexto(java.lang.String,java.lang.String)

===== VERIFICACIÓN ESPECÍFICA DE Apis__Kta__User =====
Valor esperado: 'admin'
Campo encontrado: Apis__Kta__User
Valor actual: 'admin'
¿Son iguales? true
¡Validación exitosa! Los valores son iguales
  Y el valor de Apis__Kta__User debe ser "admin"                                                                                                           # com.confuturo.steps.YamlValidationSteps.elValorDeApisKtaUserDebeSer(java.lang.String)

===== VERIFICANDO CAMPO CON VALOR TEXTO =====
Campo: Apis__Notifications__Url
Valor esperado: 'http://api-notificaciones.prod-notificaciones.svc.cluster.local/notificacion/'
Valor del YAML parseado: 'http://api-notificaciones.prod-notificaciones.svc.cluster.local/notificacion/'
Valor final obtenido: 'http://api-notificaciones.prod-notificaciones.svc.cluster.local/notificacion/'
✓ Campo validado correctamente
  Y el archivo debe contener el campo "Apis__Notifications__Url" con valor "http://api-notificaciones.prod-notificaciones.svc.cluster.local/notificacion/" # com.confuturo.steps.YamlValidationSteps.elArchivoDebeContenerCampoConValorTexto(java.lang.String,java.lang.String)

===== VERIFICANDO CAMPO CON VALOR TEXTO =====
Campo: Apis__HumanResources__Url
Valor esperado: 'http://rrhh-service.prod-rrhh-service.svc.cluster.local/rrhh/'
Valor del YAML parseado: 'http://rrhh-service.prod-rrhh-service.svc.cluster.local/rrhh/'
Valor final obtenido: 'http://rrhh-service.prod-rrhh-service.svc.cluster.local/rrhh/'
✓ Campo validado correctamente
  Y el archivo debe contener el campo "Apis__HumanResources__Url" con valor "http://rrhh-service.prod-rrhh-service.svc.cluster.local/rrhh/"                # com.confuturo.steps.YamlValidationSteps.elArchivoDebeContenerCampoConValorTexto(java.lang.String,java.lang.String)

===== VERIFICANDO CAMPO CON VALOR TEXTO =====
Campo: UrlVisualTime 
Valor esperado: 'http://prodapps292.seguros.local/vtimenet/visualtime/bucvtpipe.aspx'
Valor del YAML parseado: 'http://prodapps292.seguros.local/vtimenet/visualtime/bucvtpipe.aspx'
Valor final obtenido: 'http://prodapps292.seguros.local/vtimenet/visualtime/bucvtpipe.aspx'
✓ Campo validado correctamente
  Y el archivo debe contener el campo "UrlVisualTime " con valor "http://prodapps292.seguros.local/vtimenet/visualtime/bucvtpipe.aspx"                     # com.confuturo.steps.YamlValidationSteps.elArchivoDebeContenerCampoConValorTexto(java.lang.String,java.lang.String)

===== VERIFICANDO CAMPO CON VALOR TEXTO =====
Campo: vault.hashicorp.com/role
Valor esperado: 'prod'
Valor del YAML parseado: 'prod'
Valor final obtenido: 'prod'
✓ Campo validado correctamente
  Y el archivo debe contener el campo "vault.hashicorp.com/role" con valor "prod"                                                                          # com.confuturo.steps.YamlValidationSteps.elArchivoDebeContenerCampoConValorTexto(java.lang.String,java.lang.String)

===== ESCENARIO EXITOSO =====
Nombre: El archivo YAML de produccion debe tener solo valores que hagan referencia a produccion

===== ESCENARIO EXITOSO =====
Nombre: El archivo YAML de produccion debe tener solo valores que hagan referencia a produccion
]]></system-out>
  </testcase>
  <testcase name="El archivo YAML debe tener la configuración de servicios correcta" classname="Validación de configuración de archivo json en ambiente de Produccion #2" time="1.804">
    <failure message="Se encontraron 1 errores de validación. Consulta el detalle en los logs." type="java.lang.AssertionError"><![CDATA[java.lang.AssertionError: Se encontraron 1 errores de validación. Consulta el detalle en los logs.
	at com.confuturo.steps.YamlValidationSteps.afterScenario(YamlValidationSteps.java:48)
]]></failure>
    <system-out><![CDATA[
Escenario: El archivo YAML debe tener la configuración de servicios correcta                                            # src/test/resources/features/yaml-validation_prod.feature:24

===== INICIANDO ESCENARIO =====
Nombre: El archivo YAML debe tener la configuración de servicios correcta

===== INICIANDO ESCENARIO =====
Nombre: El archivo YAML debe tener la configuración de servicios correcta
Conectando al repositorio: confuturo_ti/portales-internos/transaction-manager/backend-transaction-manager
Buscando token en archivo .env...
Comprobando archivo .env en: C:\Users\spena\Desktop\AutomationYamlAndJson\AutomationYamlAndJson\yaml-validator\.env
Comprobando archivo .env en: C:\Users\spena\Desktop\AutomationYamlAndJson\AutomationYamlAndJson\yaml-validator\..\.env
Archivo .env encontrado en: C:\Users\spena\Desktop\AutomationYamlAndJson\AutomationYamlAndJson\yaml-validator\..\.env
Token encontrado en archivo .env: ../.env
Conexión a GitLab establecida correctamente
Conexión establecida correctamente al repositorio: confuturo_ti/portales-internos/transaction-manager/backend-transaction-manager
  Dado que tengo acceso al repositorio "confuturo_ti/portales-internos/transaction-manager/backend-transaction-manager" # com.confuturo.steps.YamlValidationSteps.queAccesoAlRepositorio(java.lang.String)
Intentando leer archivo: helm/prod-values-gke.yaml del proyecto: confuturo_ti/portales-internos/transaction-manager/backend-transaction-manager
Proyecto encontrado con ID: 61972501
Contenido YAML guardado en 'gitlab-yaml-content.txt'
=== CONTENIDO YAML ORIGINAL ===
Longitud: 3616 caracteres
Primeras 300 caracteres:
replicaCount: 1

image:
  repository: confuturocloud/backend-transaction-manager
  tag: "latest"

imagePullSecrets: 
  - name: confuturo-registry

nameOverride: ""
fullnameOverride: ""

serviceAccount:
  create: true
  annotations: {}
  name: ""

configmap:
  name: backend-transact
=== FIN DEL CONTENIDO ORIGINAL ===
=== PROCESO DE LIMPIEZA DE COMENTARIOS YAML ===
Línea 27:
  Original: [    Apis__Zendesk__Process: "25502377759892"             # Tramite]
  Limpia:   [    Apis__Zendesk__Process: "25502377759892"]
Línea 28:
  Original: [    Apis__Zendesk__RemittanceNumber: "16156973947668"    # Numero remesable]
  Limpia:   [    Apis__Zendesk__RemittanceNumber: "16156973947668"]
Línea 29:
  Original: [    Apis__Zendesk__Policy: "360044368191"                # Poliza]
  Limpia:   [    Apis__Zendesk__Policy: "360044368191"]
Línea 30:
  Original: [    Apis__Zendesk__ProductFamily: "360044358291"         # Familia del producto]
  Limpia:   [    Apis__Zendesk__ProductFamily: "360044358291"]
Línea 31:
  Original: [    Apis__Zendesk__AttentionType: "360045181951"         # Tipo de atencion]
  Limpia:   [    Apis__Zendesk__AttentionType: "360045181951"]
Línea 32:
  Original: [    Apis__Zendesk__Attention: "17111562171028"           # Atencion]
  Limpia:   [    Apis__Zendesk__Attention: "17111562171028"]
Línea 33:
  Original: [    Apis__Zendesk__AttentionChannel: "360044334951"    	 # canal de atencion]
  Limpia:   [    Apis__Zendesk__AttentionChannel: "360044334951"]
Línea 34:
  Original: [    Apis__Zendesk__ProcessState: "32024592093844"        # Estado Trámite]
  Limpia:   [    Apis__Zendesk__ProcessState: "32024592093844"]
Línea 35:
  Original: [    Apis__Zendesk__BranchOffice: "360044337571"          # sucursal]
  Limpia:   [    Apis__Zendesk__BranchOffice: "360044337571"]
Línea 36:
  Original: [    Apis__Zendesk__BranchOfficeName: "360044337571"      # Nombre de la Sucursal]
  Limpia:   [    Apis__Zendesk__BranchOfficeName: "360044337571"]
Líneas originales: 102
Líneas procesadas: 102
Comentarios eliminados: 10
=== FIN DEL PROCESO DE LIMPIEZA ===
YAML limpio guardado en 'cleaned-yaml-content.txt'
Longitud después de limpieza: 3361 caracteres
YAML limpio parseado correctamente
  Cuando leo el archivo "helm/prod-values-gke.yaml"                                                                     # com.confuturo.steps.YamlValidationSteps.leoElArchivo(java.lang.String)

===== VERIFICANDO QUE NO EXISTA LA PALABRA EXACTA =====
Palabra EXACTA que NO debe existir: 'prod'
Nota: Búsqueda realizada en contenido SIN comentarios
Longitud del contenido a buscar: 3361
Usando contenido: LIMPIO (sin comentarios)
¿Contiene 'prod' con búsqueda simple? true
Ejemplos de dónde aparece (máximo 3):
  1: ...
    ASPNETCORE_ENVIRONMENT: "Production"
    Apis__Client__Url...
  2: ...: http://cliente-servicio-api.prod-servicios-globales.svc.cluste...
  3: ...er.local/clientes/
    Apis__Product__Url: http://productos-ser...
Aplicando 5 patrones de búsqueda...
Patrón 1 (:\s*["']?\Qprod\E["']?\s*(?=\s|$)): 1 coincidencias
Patrón 2 (\.\Qprod\E[-\.]): 6 coincidencias
Patrón 4 ((?<=[:/])\Qprod\E(?=\w)): 3 coincidencias
¿Palabra EXACTA encontrada? true
Total de contextos únicos: 10
  Entonces el archivo Yaml NO debe contener la palabra "prod"                                                           # com.confuturo.steps.YamlValidationSteps.elArchivoYamlNoDebeContenerLaPalabra(java.lang.String)

===== ERRORES DE VALIDACIÓN ENCONTRADOS =====

    Error de validación: La palabra EXACTA 'prod' fue encontrada en el archivo pero NO debería estar presente. Total ocurrencias: 10. Contexto(s): Patrón 1: ...}} vault.hashicorp.com/role: "prod" service: type: ClusterIP ... | Patrón 2: ...l: http://cliente-servicio-api.prod-servicios-globales.svc.cluster... | Patrón 2: ...Url: http://productos-services.prod-servicios-globales.svc.cluster... | Patrón 2: ...rl: http://payment-service-api.prod-payment-services.svc.cluster.l... | Patrón 2: ..._Pdf__Url : http://pdf-service.prod-pdf-service.svc.cluster.local/... | Patrón 2: ...Url: http://api-notificaciones.prod-notificaciones.svc.cluster.loc... | Patrón 2: ...rces__Url: http://rrhh-service.prod-rrhh-service.svc.cluster.local... | Patrón 4: ... Apis__Product__Url: http://productos-services.prod-servicios-... | Patrón 4: ...os-globales.svc.cluster.local/productos/ Apis__Payment__Url... | Patrón 4: .../ UrlVisualTime : http://prodapps292.seguros.local/vtimenet...


    Embedding Error de validación [text/plain 957 bytes]

      java.lang.AssertionError: Se encontraron 1 errores de validación. Consulta el detalle en los logs.
	at com.confuturo.steps.YamlValidationSteps.afterScenario(YamlValidationSteps.java:48)


===== ESCENARIO FALLIDO =====
Nombre: El archivo YAML debe tener la configuración de servicios correcta
Error: d88a92af-8fe3-40ab-bde5-6592909ae8aa
]]></system-out>
    <system-err><![CDATA[¡ERROR DE VALIDACIÓN! La palabra EXACTA 'prod' fue encontrada en el archivo pero NO debería estar presente. Total ocurrencias: 10. Contexto(s): Patrón 1: ...}} vault.hashicorp.com/role: "prod" service: type: ClusterIP ... | Patrón 2: ...l: http://cliente-servicio-api.prod-servicios-globales.svc.cluster... | Patrón 2: ...Url: http://productos-services.prod-servicios-globales.svc.cluster... | Patrón 2: ...rl: http://payment-service-api.prod-payment-services.svc.cluster.l... | Patrón 2: ..._Pdf__Url : http://pdf-service.prod-pdf-service.svc.cluster.local/... | Patrón 2: ...Url: http://api-notificaciones.prod-notificaciones.svc.cluster.loc... | Patrón 2: ...rces__Url: http://rrhh-service.prod-rrhh-service.svc.cluster.local... | Patrón 4: ... Apis__Product__Url: http://productos-services.prod-servicios-... | Patrón 4: ...os-globales.svc.cluster.local/productos/ Apis__Payment__Url... | Patrón 4: .../ UrlVisualTime : http://prodapps292.seguros.local/vtimenet...
- La palabra EXACTA 'prod' fue encontrada en el archivo pero NO debería estar presente. Total ocurrencias: 10. Contexto(s): Patrón 1: ...}} vault.hashicorp.com/role: "prod" service: type: ClusterIP ... | Patrón 2: ...l: http://cliente-servicio-api.prod-servicios-globales.svc.cluster... | Patrón 2: ...Url: http://productos-services.prod-servicios-globales.svc.cluster... | Patrón 2: ...rl: http://payment-service-api.prod-payment-services.svc.cluster.l... | Patrón 2: ..._Pdf__Url : http://pdf-service.prod-pdf-service.svc.cluster.local/... | Patrón 2: ...Url: http://api-notificaciones.prod-notificaciones.svc.cluster.loc... | Patrón 2: ...rces__Url: http://rrhh-service.prod-rrhh-service.svc.cluster.local... | Patrón 4: ... Apis__Product__Url: http://productos-services.prod-servicios-... | Patrón 4: ...os-globales.svc.cluster.local/productos/ Apis__Payment__Url... | Patrón 4: .../ UrlVisualTime : http://prodapps292.seguros.local/vtimenet...
]]></system-err>
  </testcase>
  <testcase name="El archivo YAML de QA debe tener solo valores que hagan referencia a QA" classname="Validación de configuración de archivo yaml en ambiente de" time="1.73">
    <system-out><![CDATA[
Escenario: El archivo YAML de QA debe tener solo valores que hagan referencia a QA                                                                         # src/test/resources/features/yaml-validation_qa.feature:8

===== INICIANDO ESCENARIO =====
Nombre: El archivo YAML de QA debe tener solo valores que hagan referencia a QA

===== INICIANDO ESCENARIO =====
Nombre: El archivo YAML de QA debe tener solo valores que hagan referencia a QA
Conectando al repositorio: confuturo_ti/portales-internos/transaction-manager/backend-transaction-manager
Buscando token en archivo .env...
Comprobando archivo .env en: C:\Users\spena\Desktop\AutomationYamlAndJson\AutomationYamlAndJson\yaml-validator\.env
Comprobando archivo .env en: C:\Users\spena\Desktop\AutomationYamlAndJson\AutomationYamlAndJson\yaml-validator\..\.env
Archivo .env encontrado en: C:\Users\spena\Desktop\AutomationYamlAndJson\AutomationYamlAndJson\yaml-validator\..\.env
Token encontrado en archivo .env: ../.env
Conexión a GitLab establecida correctamente
Conexión establecida correctamente al repositorio: confuturo_ti/portales-internos/transaction-manager/backend-transaction-manager
  Dado que tengo acceso al repositorio "confuturo_ti/portales-internos/transaction-manager/backend-transaction-manager"                                    # com.confuturo.steps.YamlValidationSteps.queAccesoAlRepositorio(java.lang.String)
Intentando leer archivo: helm/qa-values-gke.yaml del proyecto: confuturo_ti/portales-internos/transaction-manager/backend-transaction-manager
Proyecto encontrado con ID: 61972501
Contenido YAML guardado en 'gitlab-yaml-content.txt'
=== CONTENIDO YAML ORIGINAL ===
Longitud: 3983 caracteres
Primeras 300 caracteres:
replicaCount: 1

image:
  repository: confuturocloud/backend-transaction-manager
  tag: "latest"

imagePullSecrets: 
  - name: confuturo-registry

nameOverride: ""
fullnameOverride: ""

serviceAccount:
  create: true
  annotations: {}
  name: ""

configmap:
  name: backend-transact
=== FIN DEL CONTENIDO ORIGINAL ===
=== PROCESO DE LIMPIEZA DE COMENTARIOS YAML ===
Línea 28:
  Original: [    Apis__Zendesk__Process: "33125056531988"             # Tramite]
  Limpia:   [    Apis__Zendesk__Process: "33125056531988"]
Línea 29:
  Original: [    Apis__Zendesk__RemittanceNumber: "20303714924948"    # Numero remesable]
  Limpia:   [    Apis__Zendesk__RemittanceNumber: "20303714924948"]
Línea 30:
  Original: [    Apis__Zendesk__Policy: "20303361492884"              # Poliza]
  Limpia:   [    Apis__Zendesk__Policy: "20303361492884"]
Línea 31:
  Original: [    Apis__Zendesk__ProductFamily: "20303373617044"       # Familia del producto]
  Limpia:   [    Apis__Zendesk__ProductFamily: "20303373617044"]
Línea 32:
  Original: [    Apis__Zendesk__AttentionType: "20303563434644"       # Tipo de atencion]
  Limpia:   [    Apis__Zendesk__AttentionType: "20303563434644"]
Línea 33:
  Original: [    Apis__Zendesk__Attention: "20303615732628"           # Atencion]
  Limpia:   [    Apis__Zendesk__Attention: "20303615732628"]
Línea 34:
  Original: [    Apis__Zendesk__AttentionChannel: "20303791201044"    # canal de atencion]
  Limpia:   [    Apis__Zendesk__AttentionChannel: "20303791201044"]
Línea 35:
  Original: [    Apis__Zendesk__ProcessState: "33125265115284"        # Estado Trámite]
  Limpia:   [    Apis__Zendesk__ProcessState: "33125265115284"]
Línea 36:
  Original: [    Apis__Zendesk__BranchOffice: "20303809226388"        # sucursal]
  Limpia:   [    Apis__Zendesk__BranchOffice: "20303809226388"]
Línea 37:
  Original: [    Apis__Zendesk__BranchOfficeName: "360044337571"      # Nombre de la Sucursal]
  Limpia:   [    Apis__Zendesk__BranchOfficeName: "360044337571"]
Líneas originales: 107
Líneas procesadas: 107
Comentarios eliminados: 11
=== FIN DEL PROCESO DE LIMPIEZA ===
YAML limpio guardado en 'cleaned-yaml-content.txt'
Longitud después de limpieza: 3658 caracteres
YAML limpio parseado correctamente
  Cuando leo el archivo "helm/qa-values-gke.yaml"                                                                                                          # com.confuturo.steps.YamlValidationSteps.leoElArchivo(java.lang.String)

===== VERIFICANDO CAMPO CON VALOR TEXTO =====
Campo: ASPNETCORE_ENVIRONMENT
Valor esperado: 'QA'
Valor del YAML parseado: 'QA'
Valor final obtenido: 'QA'
✓ Campo validado correctamente
  Entonces el archivo debe contener el campo "ASPNETCORE_ENVIRONMENT" con valor "QA"                                                                       # com.confuturo.steps.YamlValidationSteps.elArchivoDebeContenerCampoConValorTexto(java.lang.String,java.lang.String)

===== VERIFICANDO CAMPO CON VALOR TEXTO =====
Campo: Apis__Client__Url
Valor esperado: 'http://cliente-servicio-api.qa-clientes.svc.cluster.local/clientes/'
Valor del YAML parseado: 'http://cliente-servicio-api.qa-clientes.svc.cluster.local/clientes/'
Valor final obtenido: 'http://cliente-servicio-api.qa-clientes.svc.cluster.local/clientes/'
✓ Campo validado correctamente
  Y el archivo debe contener el campo "Apis__Client__Url" con valor "http://cliente-servicio-api.qa-clientes.svc.cluster.local/clientes/"                  # com.confuturo.steps.YamlValidationSteps.elArchivoDebeContenerCampoConValorTexto(java.lang.String,java.lang.String)

===== VERIFICANDO CAMPO CON VALOR TEXTO =====
Campo: Apis__Product__Url
Valor esperado: 'http://productos-services.qa-servicios-globales.svc.cluster.local/productos/'
Valor del YAML parseado: 'http://productos-services.qa-servicios-globales.svc.cluster.local/productos/'
Valor final obtenido: 'http://productos-services.qa-servicios-globales.svc.cluster.local/productos/'
✓ Campo validado correctamente
  Y el archivo debe contener el campo "Apis__Product__Url" con valor "http://productos-services.qa-servicios-globales.svc.cluster.local/productos/"        # com.confuturo.steps.YamlValidationSteps.elArchivoDebeContenerCampoConValorTexto(java.lang.String,java.lang.String)

===== VERIFICANDO CAMPO CON VALOR TEXTO =====
Campo: Apis__Payment__Url
Valor esperado: 'http://payment-service-api.qa-payment-services.svc.cluster.local/payment-service/'
Valor del YAML parseado: 'http://payment-service-api.qa-payment-services.svc.cluster.local/payment-service/'
Valor final obtenido: 'http://payment-service-api.qa-payment-services.svc.cluster.local/payment-service/'
✓ Campo validado correctamente
  Y el archivo debe contener el campo "Apis__Payment__Url" con valor "http://payment-service-api.qa-payment-services.svc.cluster.local/payment-service/"   # com.confuturo.steps.YamlValidationSteps.elArchivoDebeContenerCampoConValorTexto(java.lang.String,java.lang.String)

===== VERIFICANDO CAMPO CON VALOR TEXTO =====
Campo: Apis__Zendesk__Url
Valor esperado: 'https://atencionconfuturo1616160263.zendesk.com/'
Valor del YAML parseado: 'https://atencionconfuturo1616160263.zendesk.com/'
Valor final obtenido: 'https://atencionconfuturo1616160263.zendesk.com/'
✓ Campo validado correctamente
  Y el archivo debe contener el campo "Apis__Zendesk__Url" con valor "https://atencionconfuturo1616160263.zendesk.com/"                                    # com.confuturo.steps.YamlValidationSteps.elArchivoDebeContenerCampoConValorTexto(java.lang.String,java.lang.String)

===== VERIFICANDO CAMPO CON VALOR TEXTO =====
Campo: Apis__Pdf__Url
Valor esperado: 'http://pdf-service.qa-pdf-service.svc.cluster.local/pdf-service/'
Valor del YAML parseado: 'http://pdf-service.qa-pdf-service.svc.cluster.local/pdf-service/'
Valor final obtenido: 'http://pdf-service.qa-pdf-service.svc.cluster.local/pdf-service/'
✓ Campo validado correctamente
  Y el archivo debe contener el campo "Apis__Pdf__Url" con valor "http://pdf-service.qa-pdf-service.svc.cluster.local/pdf-service/"                        # com.confuturo.steps.YamlValidationSteps.elArchivoDebeContenerCampoConValorTexto(java.lang.String,java.lang.String)

===== VERIFICANDO CAMPO CON VALOR TEXTO =====
Campo: Apis__Kta__Url
Valor esperado: 'http://192.168.68.19/vwnetx_confuturo_zendesk/'
Valor del YAML parseado: 'http://192.168.68.19/vwnetx_confuturo_zendesk/'
Valor final obtenido: 'http://192.168.68.19/vwnetx_confuturo_zendesk/'
✓ Campo validado correctamente
  Y el archivo debe contener el campo "Apis__Kta__Url" con valor "http://192.168.68.19/vwnetx_confuturo_zendesk/"                                          # com.confuturo.steps.YamlValidationSteps.elArchivoDebeContenerCampoConValorTexto(java.lang.String,java.lang.String)

===== VERIFICACIÓN ESPECÍFICA DE Apis__Kta__User =====
Valor esperado: 'admin'
Campo encontrado: Apis__Kta__User
Valor actual: 'admin'
¿Son iguales? true
¡Validación exitosa! Los valores son iguales
  Y el valor de Apis__Kta__User debe ser "admin"                                                                                                           # com.confuturo.steps.YamlValidationSteps.elValorDeApisKtaUserDebeSer(java.lang.String)

===== VERIFICANDO CAMPO CON VALOR TEXTO =====
Campo: Apis__Notifications__Url
Valor esperado: 'http://api-notificaciones.qa-notificaciones.svc.cluster.local/notificaciones/'
Valor del YAML parseado: 'http://api-notificaciones.qa-notificaciones.svc.cluster.local/notificaciones/'
Valor final obtenido: 'http://api-notificaciones.qa-notificaciones.svc.cluster.local/notificaciones/'
✓ Campo validado correctamente
  Y el archivo debe contener el campo "Apis__Notifications__Url" con valor "http://api-notificaciones.qa-notificaciones.svc.cluster.local/notificaciones/" # com.confuturo.steps.YamlValidationSteps.elArchivoDebeContenerCampoConValorTexto(java.lang.String,java.lang.String)

===== VERIFICANDO CAMPO CON VALOR TEXTO =====
Campo: Apis__HumanResources__Url
Valor esperado: 'http://rrhh-service.qa-rrhh-service.svc.cluster.local/rrhh/'
Valor del YAML parseado: 'http://rrhh-service.qa-rrhh-service.svc.cluster.local/rrhh/'
Valor final obtenido: 'http://rrhh-service.qa-rrhh-service.svc.cluster.local/rrhh/'
✓ Campo validado correctamente
  Y el archivo debe contener el campo "Apis__HumanResources__Url" con valor "http://rrhh-service.qa-rrhh-service.svc.cluster.local/rrhh/"                  # com.confuturo.steps.YamlValidationSteps.elArchivoDebeContenerCampoConValorTexto(java.lang.String,java.lang.String)

===== VERIFICANDO CAMPO CON VALOR TEXTO =====
Campo: UrlVisualTime
Valor esperado: 'http://testapps292.seguros.local/vtimenet/visualtime/bucvtpipe.aspx'
Valor del YAML parseado: 'http://testapps292.seguros.local/vtimenet/visualtime/bucvtpipe.aspx'
Valor final obtenido: 'http://testapps292.seguros.local/vtimenet/visualtime/bucvtpipe.aspx'
✓ Campo validado correctamente
  Y el archivo debe contener el campo "UrlVisualTime" con valor "http://testapps292.seguros.local/vtimenet/visualtime/bucvtpipe.aspx"                      # com.confuturo.steps.YamlValidationSteps.elArchivoDebeContenerCampoConValorTexto(java.lang.String,java.lang.String)

===== VERIFICANDO CAMPO CON VALOR TEXTO =====
Campo: vault.hashicorp.com/role
Valor esperado: 'qa'
Valor del YAML parseado: 'qa'
Valor final obtenido: 'qa'
✓ Campo validado correctamente
  Y el archivo debe contener el campo "vault.hashicorp.com/role" con valor "qa"                                                                            # com.confuturo.steps.YamlValidationSteps.elArchivoDebeContenerCampoConValorTexto(java.lang.String,java.lang.String)

===== ESCENARIO EXITOSO =====
Nombre: El archivo YAML de QA debe tener solo valores que hagan referencia a QA

===== ESCENARIO EXITOSO =====
Nombre: El archivo YAML de QA debe tener solo valores que hagan referencia a QA
]]></system-out>
  </testcase>
  <testcase name="El archivo YAML debe tener la configuración de servicios correcta" classname="Validación de configuración de archivo yaml en ambiente de" time="1.466">
    <system-out><![CDATA[
Escenario: El archivo YAML debe tener la configuración de servicios correcta                                            # src/test/resources/features/yaml-validation_qa.feature:24

===== INICIANDO ESCENARIO =====
Nombre: El archivo YAML debe tener la configuración de servicios correcta

===== INICIANDO ESCENARIO =====
Nombre: El archivo YAML debe tener la configuración de servicios correcta
Conectando al repositorio: confuturo_ti/portales-internos/transaction-manager/backend-transaction-manager
Buscando token en archivo .env...
Comprobando archivo .env en: C:\Users\spena\Desktop\AutomationYamlAndJson\AutomationYamlAndJson\yaml-validator\.env
Comprobando archivo .env en: C:\Users\spena\Desktop\AutomationYamlAndJson\AutomationYamlAndJson\yaml-validator\..\.env
Archivo .env encontrado en: C:\Users\spena\Desktop\AutomationYamlAndJson\AutomationYamlAndJson\yaml-validator\..\.env
Token encontrado en archivo .env: ../.env
Conexión a GitLab establecida correctamente
Conexión establecida correctamente al repositorio: confuturo_ti/portales-internos/transaction-manager/backend-transaction-manager
  Dado que tengo acceso al repositorio "confuturo_ti/portales-internos/transaction-manager/backend-transaction-manager" # com.confuturo.steps.YamlValidationSteps.queAccesoAlRepositorio(java.lang.String)
Intentando leer archivo: helm/qa-values-gke.yaml del proyecto: confuturo_ti/portales-internos/transaction-manager/backend-transaction-manager
Proyecto encontrado con ID: 61972501
Contenido YAML guardado en 'gitlab-yaml-content.txt'
=== CONTENIDO YAML ORIGINAL ===
Longitud: 3983 caracteres
Primeras 300 caracteres:
replicaCount: 1

image:
  repository: confuturocloud/backend-transaction-manager
  tag: "latest"

imagePullSecrets: 
  - name: confuturo-registry

nameOverride: ""
fullnameOverride: ""

serviceAccount:
  create: true
  annotations: {}
  name: ""

configmap:
  name: backend-transact
=== FIN DEL CONTENIDO ORIGINAL ===
=== PROCESO DE LIMPIEZA DE COMENTARIOS YAML ===
Línea 28:
  Original: [    Apis__Zendesk__Process: "33125056531988"             # Tramite]
  Limpia:   [    Apis__Zendesk__Process: "33125056531988"]
Línea 29:
  Original: [    Apis__Zendesk__RemittanceNumber: "20303714924948"    # Numero remesable]
  Limpia:   [    Apis__Zendesk__RemittanceNumber: "20303714924948"]
Línea 30:
  Original: [    Apis__Zendesk__Policy: "20303361492884"              # Poliza]
  Limpia:   [    Apis__Zendesk__Policy: "20303361492884"]
Línea 31:
  Original: [    Apis__Zendesk__ProductFamily: "20303373617044"       # Familia del producto]
  Limpia:   [    Apis__Zendesk__ProductFamily: "20303373617044"]
Línea 32:
  Original: [    Apis__Zendesk__AttentionType: "20303563434644"       # Tipo de atencion]
  Limpia:   [    Apis__Zendesk__AttentionType: "20303563434644"]
Línea 33:
  Original: [    Apis__Zendesk__Attention: "20303615732628"           # Atencion]
  Limpia:   [    Apis__Zendesk__Attention: "20303615732628"]
Línea 34:
  Original: [    Apis__Zendesk__AttentionChannel: "20303791201044"    # canal de atencion]
  Limpia:   [    Apis__Zendesk__AttentionChannel: "20303791201044"]
Línea 35:
  Original: [    Apis__Zendesk__ProcessState: "33125265115284"        # Estado Trámite]
  Limpia:   [    Apis__Zendesk__ProcessState: "33125265115284"]
Línea 36:
  Original: [    Apis__Zendesk__BranchOffice: "20303809226388"        # sucursal]
  Limpia:   [    Apis__Zendesk__BranchOffice: "20303809226388"]
Línea 37:
  Original: [    Apis__Zendesk__BranchOfficeName: "360044337571"      # Nombre de la Sucursal]
  Limpia:   [    Apis__Zendesk__BranchOfficeName: "360044337571"]
Líneas originales: 107
Líneas procesadas: 107
Comentarios eliminados: 11
=== FIN DEL PROCESO DE LIMPIEZA ===
YAML limpio guardado en 'cleaned-yaml-content.txt'
Longitud después de limpieza: 3658 caracteres
YAML limpio parseado correctamente
  Cuando leo el archivo "helm/qa-values-gke.yaml"                                                                       # com.confuturo.steps.YamlValidationSteps.leoElArchivo(java.lang.String)
Campo: serviceAccount.create
Valor esperado: true
Valor actual: true
  Entonces el archivo debe contener el campo "serviceAccount.create" con valor true                                     # com.confuturo.steps.YamlValidationSteps.elArchivoDebeContenerCampoConValorTrue(java.lang.String)

===== ESCENARIO EXITOSO =====
Nombre: El archivo YAML debe tener la configuración de servicios correcta

===== ESCENARIO EXITOSO =====
Nombre: El archivo YAML debe tener la configuración de servicios correcta
]]></system-out>
  </testcase>
</testsuite>