<?xml version="1.0" encoding="UTF-8"?>
<testsuite xmlns:xsi="http://www.w3.org/2001/XMLSchema-instance" xsi:noNamespaceSchemaLocation="https://maven.apache.org/surefire/maven-surefire-plugin/xsd/surefire-test-report-3.0.xsd" version="3.0" name="com.confuturo.runners.CucumberRunner" time="12.751" tests="10" errors="0" skipped="0" failures="0">
  <properties>
    <property name="java.specification.version" value="21"/>
    <property name="sun.cpu.isalist" value="amd64"/>
    <property name="sun.jnu.encoding" value="Cp1252"/>
    <property name="java.class.path" value="C:\Users\spena\Desktop\AutomationYamlAndJson\AutomationYamlAndJson\yaml-validator\target\test-classes;C:\Users\spena\Desktop\AutomationYamlAndJson\AutomationYamlAndJson\yaml-validator\target\classes;C:\Users\spena\.m2\repository\io\cucumber\cucumber-java\7.15.0\cucumber-java-7.15.0.jar;C:\Users\spena\.m2\repository\io\cucumber\cucumber-core\7.15.0\cucumber-core-7.15.0.jar;C:\Users\spena\.m2\repository\io\cucumber\cucumber-gherkin\7.15.0\cucumber-gherkin-7.15.0.jar;C:\Users\spena\.m2\repository\io\cucumber\cucumber-gherkin-messages\7.15.0\cucumber-gherkin-messages-7.15.0.jar;C:\Users\spena\.m2\repository\io\cucumber\gherkin\26.2.0\gherkin-26.2.0.jar;C:\Users\spena\.m2\repository\io\cucumber\messages\22.0.0\messages-22.0.0.jar;C:\Users\spena\.m2\repository\io\cucumber\tag-expressions\6.0.0\tag-expressions-6.0.0.jar;C:\Users\spena\.m2\repository\io\cucumber\cucumber-expressions\17.0.1\cucumber-expressions-17.0.1.jar;C:\Users\spena\.m2\repository\io\cucumber\datatable\7.15.0\datatable-7.15.0.jar;C:\Users\spena\.m2\repository\io\cucumber\cucumber-plugin\7.15.0\cucumber-plugin-7.15.0.jar;C:\Users\spena\.m2\repository\io\cucumber\docstring\7.15.0\docstring-7.15.0.jar;C:\Users\spena\.m2\repository\io\cucumber\html-formatter\20.4.0\html-formatter-20.4.0.jar;C:\Users\spena\.m2\repository\io\cucumber\junit-xml-formatter\0.2.0\junit-xml-formatter-0.2.0.jar;C:\Users\spena\.m2\repository\io\cucumber\ci-environment\10.0.0\ci-environment-10.0.0.jar;C:\Users\spena\.m2\repository\org\apiguardian\apiguardian-api\1.1.2\apiguardian-api-1.1.2.jar;C:\Users\spena\.m2\repository\io\cucumber\cucumber-junit\7.15.0\cucumber-junit-7.15.0.jar;C:\Users\spena\.m2\repository\org\yaml\snakeyaml\1.33\snakeyaml-1.33.jar;C:\Users\spena\.m2\repository\io\github\cdimascio\dotenv-java\2.3.2\dotenv-java-2.3.2.jar;C:\Users\spena\.m2\repository\org\json\json\20230618\json-20230618.jar;C:\Users\spena\.m2\repository\org\gitlab4j\gitlab4j-api\5.4.0\gitlab4j-api-5.4.0.jar;C:\Users\spena\.m2\repository\jakarta\activation\jakarta.activation-api\1.2.2\jakarta.activation-api-1.2.2.jar;C:\Users\spena\.m2\repository\org\glassfish\jersey\inject\jersey-hk2\2.39.1\jersey-hk2-2.39.1.jar;C:\Users\spena\.m2\repository\org\glassfish\jersey\core\jersey-common\2.39.1\jersey-common-2.39.1.jar;C:\Users\spena\.m2\repository\jakarta\annotation\jakarta.annotation-api\1.3.5\jakarta.annotation-api-1.3.5.jar;C:\Users\spena\.m2\repository\org\glassfish\hk2\osgi-resource-locator\1.0.3\osgi-resource-locator-1.0.3.jar;C:\Users\spena\.m2\repository\org\glassfish\hk2\hk2-locator\2.6.1\hk2-locator-2.6.1.jar;C:\Users\spena\.m2\repository\org\glassfish\hk2\external\aopalliance-repackaged\2.6.1\aopalliance-repackaged-2.6.1.jar;C:\Users\spena\.m2\repository\org\glassfish\hk2\hk2-api\2.6.1\hk2-api-2.6.1.jar;C:\Users\spena\.m2\repository\org\glassfish\hk2\hk2-utils\2.6.1\hk2-utils-2.6.1.jar;C:\Users\spena\.m2\repository\org\javassist\javassist\3.29.0-GA\javassist-3.29.0-GA.jar;C:\Users\spena\.m2\repository\org\glassfish\jersey\core\jersey-client\2.39.1\jersey-client-2.39.1.jar;C:\Users\spena\.m2\repository\jakarta\ws\rs\jakarta.ws.rs-api\2.1.6\jakarta.ws.rs-api-2.1.6.jar;C:\Users\spena\.m2\repository\org\glassfish\hk2\external\jakarta.inject\2.6.1\jakarta.inject-2.6.1.jar;C:\Users\spena\.m2\repository\org\glassfish\jersey\connectors\jersey-apache-connector\2.39.1\jersey-apache-connector-2.39.1.jar;C:\Users\spena\.m2\repository\org\apache\httpcomponents\httpclient\4.5.13\httpclient-4.5.13.jar;C:\Users\spena\.m2\repository\org\apache\httpcomponents\httpcore\4.4.13\httpcore-4.4.13.jar;C:\Users\spena\.m2\repository\commons-logging\commons-logging\1.2\commons-logging-1.2.jar;C:\Users\spena\.m2\repository\commons-codec\commons-codec\1.11\commons-codec-1.11.jar;C:\Users\spena\.m2\repository\org\glassfish\jersey\media\jersey-media-multipart\2.39.1\jersey-media-multipart-2.39.1.jar;C:\Users\spena\.m2\repository\org\jvnet\mimepull\mimepull\1.9.15\mimepull-1.9.15.jar;C:\Users\spena\.m2\repository\org\glassfish\jersey\media\jersey-media-json-jackson\2.39.1\jersey-media-json-jackson-2.39.1.jar;C:\Users\spena\.m2\repository\org\glassfish\jersey\ext\jersey-entity-filtering\2.39.1\jersey-entity-filtering-2.39.1.jar;C:\Users\spena\.m2\repository\com\fasterxml\jackson\module\jackson-module-jaxb-annotations\2.14.1\jackson-module-jaxb-annotations-2.14.1.jar;C:\Users\spena\.m2\repository\jakarta\xml\bind\jakarta.xml.bind-api\2.3.3\jakarta.xml.bind-api-2.3.3.jar;C:\Users\spena\.m2\repository\jakarta\servlet\jakarta.servlet-api\4.0.4\jakarta.servlet-api-4.0.4.jar;C:\Users\spena\.m2\repository\junit\junit\4.13.2\junit-4.13.2.jar;C:\Users\spena\.m2\repository\org\hamcrest\hamcrest-core\1.3\hamcrest-core-1.3.jar;C:\Users\spena\.m2\repository\org\assertj\assertj-core\3.24.2\assertj-core-3.24.2.jar;C:\Users\spena\.m2\repository\net\bytebuddy\byte-buddy\1.12.21\byte-buddy-1.12.21.jar;C:\Users\spena\.m2\repository\com\fasterxml\jackson\core\jackson-databind\2.15.2\jackson-databind-2.15.2.jar;C:\Users\spena\.m2\repository\com\fasterxml\jackson\core\jackson-annotations\2.15.2\jackson-annotations-2.15.2.jar;C:\Users\spena\.m2\repository\com\fasterxml\jackson\core\jackson-core\2.15.2\jackson-core-2.15.2.jar;C:\Users\spena\.m2\repository\com\google\code\gson\gson\2.10.1\gson-2.10.1.jar;C:\Users\spena\.m2\repository\org\projectlombok\lombok\1.18.30\lombok-1.18.30.jar;"/>
    <property name="java.vm.vendor" value="Oracle Corporation"/>
    <property name="sun.arch.data.model" value="64"/>
    <property name="user.variant" value=""/>
    <property name="java.vendor.url" value="https://java.oracle.com/"/>
    <property name="user.timezone" value="America/Santiago"/>
    <property name="os.name" value="Windows 10"/>
    <property name="java.vm.specification.version" value="21"/>
    <property name="sun.java.launcher" value="SUN_STANDARD"/>
    <property name="user.country" value="CL"/>
    <property name="sun.boot.library.path" value="C:\Program Files\Java\jdk-21\bin"/>
    <property name="sun.java.command" value="C:\Users\spena\AppData\Local\Temp\surefire3179920131104421904\surefirebooter-20250609131752976_3.jar C:\Users\spena\AppData\Local\Temp\surefire3179920131104421904 2025-06-09T13-17-52_663-jvmRun1 surefire-20250609131752976_1tmp surefire_0-20250609131752976_2tmp"/>
    <property name="jdk.debug" value="release"/>
    <property name="surefire.test.class.path" value="C:\Users\spena\Desktop\AutomationYamlAndJson\AutomationYamlAndJson\yaml-validator\target\test-classes;C:\Users\spena\Desktop\AutomationYamlAndJson\AutomationYamlAndJson\yaml-validator\target\classes;C:\Users\spena\.m2\repository\io\cucumber\cucumber-java\7.15.0\cucumber-java-7.15.0.jar;C:\Users\spena\.m2\repository\io\cucumber\cucumber-core\7.15.0\cucumber-core-7.15.0.jar;C:\Users\spena\.m2\repository\io\cucumber\cucumber-gherkin\7.15.0\cucumber-gherkin-7.15.0.jar;C:\Users\spena\.m2\repository\io\cucumber\cucumber-gherkin-messages\7.15.0\cucumber-gherkin-messages-7.15.0.jar;C:\Users\spena\.m2\repository\io\cucumber\gherkin\26.2.0\gherkin-26.2.0.jar;C:\Users\spena\.m2\repository\io\cucumber\messages\22.0.0\messages-22.0.0.jar;C:\Users\spena\.m2\repository\io\cucumber\tag-expressions\6.0.0\tag-expressions-6.0.0.jar;C:\Users\spena\.m2\repository\io\cucumber\cucumber-expressions\17.0.1\cucumber-expressions-17.0.1.jar;C:\Users\spena\.m2\repository\io\cucumber\datatable\7.15.0\datatable-7.15.0.jar;C:\Users\spena\.m2\repository\io\cucumber\cucumber-plugin\7.15.0\cucumber-plugin-7.15.0.jar;C:\Users\spena\.m2\repository\io\cucumber\docstring\7.15.0\docstring-7.15.0.jar;C:\Users\spena\.m2\repository\io\cucumber\html-formatter\20.4.0\html-formatter-20.4.0.jar;C:\Users\spena\.m2\repository\io\cucumber\junit-xml-formatter\0.2.0\junit-xml-formatter-0.2.0.jar;C:\Users\spena\.m2\repository\io\cucumber\ci-environment\10.0.0\ci-environment-10.0.0.jar;C:\Users\spena\.m2\repository\org\apiguardian\apiguardian-api\1.1.2\apiguardian-api-1.1.2.jar;C:\Users\spena\.m2\repository\io\cucumber\cucumber-junit\7.15.0\cucumber-junit-7.15.0.jar;C:\Users\spena\.m2\repository\org\yaml\snakeyaml\1.33\snakeyaml-1.33.jar;C:\Users\spena\.m2\repository\io\github\cdimascio\dotenv-java\2.3.2\dotenv-java-2.3.2.jar;C:\Users\spena\.m2\repository\org\json\json\20230618\json-20230618.jar;C:\Users\spena\.m2\repository\org\gitlab4j\gitlab4j-api\5.4.0\gitlab4j-api-5.4.0.jar;C:\Users\spena\.m2\repository\jakarta\activation\jakarta.activation-api\1.2.2\jakarta.activation-api-1.2.2.jar;C:\Users\spena\.m2\repository\org\glassfish\jersey\inject\jersey-hk2\2.39.1\jersey-hk2-2.39.1.jar;C:\Users\spena\.m2\repository\org\glassfish\jersey\core\jersey-common\2.39.1\jersey-common-2.39.1.jar;C:\Users\spena\.m2\repository\jakarta\annotation\jakarta.annotation-api\1.3.5\jakarta.annotation-api-1.3.5.jar;C:\Users\spena\.m2\repository\org\glassfish\hk2\osgi-resource-locator\1.0.3\osgi-resource-locator-1.0.3.jar;C:\Users\spena\.m2\repository\org\glassfish\hk2\hk2-locator\2.6.1\hk2-locator-2.6.1.jar;C:\Users\spena\.m2\repository\org\glassfish\hk2\external\aopalliance-repackaged\2.6.1\aopalliance-repackaged-2.6.1.jar;C:\Users\spena\.m2\repository\org\glassfish\hk2\hk2-api\2.6.1\hk2-api-2.6.1.jar;C:\Users\spena\.m2\repository\org\glassfish\hk2\hk2-utils\2.6.1\hk2-utils-2.6.1.jar;C:\Users\spena\.m2\repository\org\javassist\javassist\3.29.0-GA\javassist-3.29.0-GA.jar;C:\Users\spena\.m2\repository\org\glassfish\jersey\core\jersey-client\2.39.1\jersey-client-2.39.1.jar;C:\Users\spena\.m2\repository\jakarta\ws\rs\jakarta.ws.rs-api\2.1.6\jakarta.ws.rs-api-2.1.6.jar;C:\Users\spena\.m2\repository\org\glassfish\hk2\external\jakarta.inject\2.6.1\jakarta.inject-2.6.1.jar;C:\Users\spena\.m2\repository\org\glassfish\jersey\connectors\jersey-apache-connector\2.39.1\jersey-apache-connector-2.39.1.jar;C:\Users\spena\.m2\repository\org\apache\httpcomponents\httpclient\4.5.13\httpclient-4.5.13.jar;C:\Users\spena\.m2\repository\org\apache\httpcomponents\httpcore\4.4.13\httpcore-4.4.13.jar;C:\Users\spena\.m2\repository\commons-logging\commons-logging\1.2\commons-logging-1.2.jar;C:\Users\spena\.m2\repository\commons-codec\commons-codec\1.11\commons-codec-1.11.jar;C:\Users\spena\.m2\repository\org\glassfish\jersey\media\jersey-media-multipart\2.39.1\jersey-media-multipart-2.39.1.jar;C:\Users\spena\.m2\repository\org\jvnet\mimepull\mimepull\1.9.15\mimepull-1.9.15.jar;C:\Users\spena\.m2\repository\org\glassfish\jersey\media\jersey-media-json-jackson\2.39.1\jersey-media-json-jackson-2.39.1.jar;C:\Users\spena\.m2\repository\org\glassfish\jersey\ext\jersey-entity-filtering\2.39.1\jersey-entity-filtering-2.39.1.jar;C:\Users\spena\.m2\repository\com\fasterxml\jackson\module\jackson-module-jaxb-annotations\2.14.1\jackson-module-jaxb-annotations-2.14.1.jar;C:\Users\spena\.m2\repository\jakarta\xml\bind\jakarta.xml.bind-api\2.3.3\jakarta.xml.bind-api-2.3.3.jar;C:\Users\spena\.m2\repository\jakarta\servlet\jakarta.servlet-api\4.0.4\jakarta.servlet-api-4.0.4.jar;C:\Users\spena\.m2\repository\junit\junit\4.13.2\junit-4.13.2.jar;C:\Users\spena\.m2\repository\org\hamcrest\hamcrest-core\1.3\hamcrest-core-1.3.jar;C:\Users\spena\.m2\repository\org\assertj\assertj-core\3.24.2\assertj-core-3.24.2.jar;C:\Users\spena\.m2\repository\net\bytebuddy\byte-buddy\1.12.21\byte-buddy-1.12.21.jar;C:\Users\spena\.m2\repository\com\fasterxml\jackson\core\jackson-databind\2.15.2\jackson-databind-2.15.2.jar;C:\Users\spena\.m2\repository\com\fasterxml\jackson\core\jackson-annotations\2.15.2\jackson-annotations-2.15.2.jar;C:\Users\spena\.m2\repository\com\fasterxml\jackson\core\jackson-core\2.15.2\jackson-core-2.15.2.jar;C:\Users\spena\.m2\repository\com\google\code\gson\gson\2.10.1\gson-2.10.1.jar;C:\Users\spena\.m2\repository\org\projectlombok\lombok\1.18.30\lombok-1.18.30.jar;"/>
    <property name="sun.cpu.endian" value="little"/>
    <property name="user.home" value="C:\Users\spena"/>
    <property name="user.language" value="es"/>
    <property name="java.specification.vendor" value="Oracle Corporation"/>
    <property name="java.version.date" value="2024-07-16"/>
    <property name="java.home" value="C:\Program Files\Java\jdk-21"/>
    <property name="file.separator" value="\"/>
    <property name="basedir" value="C:\Users\spena\Desktop\AutomationYamlAndJson\AutomationYamlAndJson\yaml-validator"/>
    <property name="java.vm.compressedOopsMode" value="Zero based"/>
    <property name="line.separator" value="&#10;"/>
    <property name="java.vm.specification.vendor" value="Oracle Corporation"/>
    <property name="java.specification.name" value="Java Platform API Specification"/>
    <property name="surefire.real.class.path" value="C:\Users\spena\AppData\Local\Temp\surefire3179920131104421904\surefirebooter-20250609131752976_3.jar"/>
    <property name="user.script" value=""/>
    <property name="sun.management.compiler" value="HotSpot 64-Bit Tiered Compilers"/>
    <property name="java.runtime.version" value="21.0.4+8-LTS-274"/>
    <property name="user.name" value="spena"/>
    <property name="stdout.encoding" value="Cp1252"/>
    <property name="path.separator" value=";"/>
    <property name="os.version" value="10.0"/>
    <property name="java.runtime.name" value="Java(TM) SE Runtime Environment"/>
    <property name="skipTest" value="true"/>
    <property name="file.encoding" value="UTF-8"/>
    <property name="java.vm.name" value="Java HotSpot(TM) 64-Bit Server VM"/>
    <property name="localRepository" value="C:\Users\spena\.m2\repository"/>
    <property name="java.vendor.url.bug" value="https://bugreport.java.com/bugreport/"/>
    <property name="java.io.tmpdir" value="C:\Users\spena\AppData\Local\Temp\"/>
    <property name="java.version" value="21.0.4"/>
    <property name="user.dir" value="C:\Users\spena\Desktop\AutomationYamlAndJson\AutomationYamlAndJson\yaml-validator"/>
    <property name="os.arch" value="amd64"/>
    <property name="java.vm.specification.name" value="Java Virtual Machine Specification"/>
    <property name="sun.os.patch.level" value=""/>
    <property name="native.encoding" value="Cp1252"/>
    <property name="java.library.path" value="C:\Program Files\Java\jdk-21\bin;C:\WINDOWS\Sun\Java\bin;C:\WINDOWS\system32;C:\WINDOWS;C:\Program Files\Common Files\Oracle\Java\javapath;C:\WINDOWS\system32;C:\WINDOWS;C:\WINDOWS\System32\Wbem;C:\WINDOWS\System32\WindowsPowerShell\v1.0\;C:\WINDOWS\System32\OpenSSH\;C:\Program Files\dotnet\;C:\Program Files\Microsoft SQL Server\130\Tools\Binn\;C:\Program Files\Microsoft SQL Server\Client SDK\ODBC\170\Tools\Binn\;C:\Program Files (x86)\Microsoft SQL Server\150\DTS\Binn\;C:\Program Files\Azure Data Studio\bin;C:\Users\mberkhoff\AppData\Roaming\nvm;C:\Program Files\nodejs;C:\Program Files\Git\cmd;C:\Program Files\apache-maven-3.9.9\bin;C:\Program Files\Java\jdk-21\bin;C:\Program Files\nodejs;C:\Program Files\;C:\Program Files\Apache\apache-maven-3.9.9\bin;C:\Users\spena\AppData\Local\Microsoft\WindowsApps;C:\Users\spena\AppData\Local\Programs\Microsoft VS Code\bin;C:\Users\spena\AppData\Roaming\npm;C:\Program Files\Git\mingw64\bin;C:\Program Files\Git\usr\bin;C:\cmder\vendor\bin;C:\cmder\bin;C:\cmder;."/>
    <property name="java.vm.info" value="mixed mode, sharing"/>
    <property name="stderr.encoding" value="Cp1252"/>
    <property name="java.vendor" value="Oracle Corporation"/>
    <property name="java.vm.version" value="21.0.4+8-LTS-274"/>
    <property name="sun.io.unicode.encoding" value="UnicodeLittle"/>
    <property name="java.class.version" value="65.0"/>
  </properties>
  <testcase name="Depuración del contenido JSON" classname="Validación de configuración del Backend.BackOffice.Zendesk #1" time="2.189">
    <system-out><![CDATA[
Escenario: Depuración del contenido JSON                                                                                     # src/test/resources/features/json-validation-development.feature:8
Conectando al repositorio: confuturo_ti/portales-internos/transaction-manager/backend-transaction-manager
Buscando token en archivo .env...
Comprobando archivo .env en: C:\Users\spena\Desktop\AutomationYamlAndJson\AutomationYamlAndJson\yaml-validator\.env
Comprobando archivo .env en: C:\Users\spena\Desktop\AutomationYamlAndJson\AutomationYamlAndJson\yaml-validator\..\.env
Archivo .env encontrado en: C:\Users\spena\Desktop\AutomationYamlAndJson\AutomationYamlAndJson\yaml-validator\..\.env
Token encontrado en archivo .env: ../.env
Conexión a GitLab establecida correctamente
Conexión establecida correctamente al repositorio: confuturo_ti/portales-internos/transaction-manager/backend-transaction-manager
  Dado que tengo acceso al repositorio JSON "confuturo_ti/portales-internos/transaction-manager/backend-transaction-manager" # com.confuturo.steps.JsonValidationSteps.queAccesoAlRepositorioJson(java.lang.String)
Intentando leer archivo JSON: src/Backend.BackOffice.Zendesk/appsettings.Development.json del proyecto: confuturo_ti/portales-internos/transaction-manager/backend-transaction-manager
Proyecto encontrado con ID: 61972501
Intentando obtener archivo de la rama: develop
Archivo encontrado en la rama: develop
Contenido JSON guardado en 'gitlab-json-content.txt'
=== CONTENIDO JSON ORIGINAL ===
{
  "AppSettings": {
    "Version": "0.01.202411201030"
  },
  "ConnectionStrings": {
    "PensionesDB": "User Id=PENSIONES;Password=PENSIONES;Data Source=(DESCRIPTION=(ADDRESS_LIST=(ADDRESS=(PROTOCOL=TCP)(HOST=192.168.154.171)(PORT=1523)))(CONNECT_DATA=(SERVICE_NAME=PREVQA3)));Pooling=true;",
    "PensionesUserDB": "User Id=[usrPensiones];Password=abcabc12;Data Source=(DESCRIPTION=(ADDRESS_LIST=(ADDRESS=(PROTOCOL=TCP)(HOST=192.168.154.171)(PORT=1523)))(CONNECT_DATA=(SERVICE_NAME=PREVQA3)));Pooling=true;",
    "TransactionsDB": "Server=192.168.154.92;User ID=usr_transaction_manager;Password=KThJV1YrfGLE0Th;Port=5432;Database=transaction_manager;Integrated Security=true;Pooling=true;Include Error Detail=true;"
    //"TransactionsDB": "Server=localhost;User ID=postgres;Password=foo;Port=5432;Database=zendesk_transaction;Integrated Security=true;Pooling=true;Include Error Detail=true;"
  },
  "Logging": {
    "LogLevel": {
      "Default": "Information",
      "Microsoft.AspNetCore": "Warning"
    }
  },
  "TestMode": true, //modo test para el envio de los correos y la generacion de ticket en zendesk
  "Emails": "hcofre@confuturo.cl,mrojas@confuturo.cl,jovalle@confuturo.cl,jhernandezv@confuturo.cl",
  "Apis": {
    "Client": {
      "Url": "http://api-clientes.qa.seguros.local/clientes/"
    },  
    "Product": {
      "Url": "http://api-productos.qa.seguros.local/"
    },
    "Payment": {
      "Url": "http://api.qa.seguros.local/payment-service/"
    },
    "Pdf": {
      "Url": "https://pdf-service-42nqpimoca-uc.a.run.app/"
    },
    "Notifications": {
      "Url": "http://api-notificaciones.qa.seguros.local/notificaciones/"
    },
    "Zendesk": {
      "Url": "https://atencionconfuturo1616160263.zendesk.com/", //"https://atencionconfuturo.zendesk.com/",
      //"Token": "2a0bf8a49cf0b0b3fa9a5238ba236baea5d21cbba737a64c3557f80960544489",  //token para prod
      "User": "jvergarat@confuturo.cl",
      "Pass": "Confuturo2021",
      //"SendTicketFromEmail": true,
      //"Email": "support@atencionconfuturo.zendesk.com",
      //"Ticket": {
      //  "Channel": "Portal_clientes"
      //}
      "FormId": "20303878720020",
      "Process": "33125056531988", // Tramite
      "RemittanceNumber": "20303714924948", // Numero remesable
      "Policy": "20303361492884", // Poliza"
      "ProductFamily": "20303373617044", // Familia del producto
      "AttentionType": "20303563434644", // Tipo de atencion"
      "Attention": "20303615732628", // Atencion
      "AttentionChannel": "20303791201044", // canal de atencion
      "ProcessState": "33125265115284", // Estado Trámite
      "BranchOffice": "20303809226388", // sucursal
      "BranchOfficeName": "360044337571"
    },
    "Kta": {
      "Url": "http://192.168.68.19/vwnetx_Confuturo_Zendesk/",
      "User": "admin",
      "Pass": "admin"
    },
    "HumanResources": {
      "Url": "http://api.qa.seguros.local/rrhh/"
    }
  },
  "Keycloak": {
    "Url": "https://auth-qa.confuturo.cl/auth",
    "Realm": "confuturo-sso-qa",
    "User": "backend-transaction-manager", // backend-portal-privado
    "SecretKey": "" // 72aa71c7-55cf-4a18-b47a-a648cba6da6c
  },
  "UrlVisualTime": "http://testapps292.seguros.local/vtimenet/visualtime/bucvtpipe.aspx",
  "currentPeriodTest": "202410"
}
=== FIN DEL CONTENIDO ORIGINAL ===
JSON limpio guardado en 'cleaned-json-content.txt'
JSON parseado correctamente utilizando Jackson
=== CLAVES DE PRIMER NIVEL EN EL JSON ===
- Logging
- AppSettings
- Apis
- TestMode
- UrlVisualTime
- currentPeriodTest
- Emails
- Keycloak
- ConnectionStrings
======================================
  Cuando leo el archivo JSON "src/Backend.BackOffice.Zendesk/appsettings.Development.json"                                   # com.confuturo.steps.JsonValidationSteps.leoElArchivoJson(java.lang.String)
=== CONTENIDO JSON RECUPERADO ===
{
  "AppSettings": {
    "Version": "0.01.202411201030"
  },
  "ConnectionStrings": {
    "PensionesDB": "User Id=PENSIONES;Password=PENSIONES;Data Source=(DESCRIPTION=(ADDRESS_LIST=(ADDRESS=(PROTOCOL=TCP)(HOST=192.168.154.171)(PORT=1523)))(CONNECT_DATA=(SERVICE_NAME=PREVQA3)));Pooling=true;",
    "PensionesUserDB": "User Id=[usrPensiones];Password=abcabc12;Data Source=(DESCRIPTION=(ADDRESS_LIST=(ADDRESS=(PROTOCOL=TCP)(HOST=192.168.154.171)(PORT=1523)))(CONNECT_DATA=(SERVICE_NAME=PREVQA3)));Pooling=true;",
    "TransactionsDB": "Server=192.168.154.92;User ID=usr_transaction_manager;Password=KThJV1YrfGLE0Th;Port=5432;Database=transaction_manager;Integrated Security=true;Pooling=true;Include Error Detail=true;"
    //"TransactionsDB": "Server=localhost;User ID=postgres;Password=foo;Port=5432;Database=zendesk_transaction;Integrated Security=true;Pooling=true;Include Error Detail=true;"
  },
  "Logging": {
    "LogLevel": {
      "Default": "Information",
      "Microsoft.AspNetCore": "Warning"
    }
  },
  "TestMode": true, //modo test para el envio de los correos y la generacion de ticket en zendesk
  "Emails": "hcofre@confuturo.cl,mrojas@confuturo.cl,jovalle@confuturo.cl,jhernandezv@confuturo.cl",
  "Apis": {
    "Client": {
      "Url": "http://api-clientes.qa.seguros.local/clientes/"
    },  
    "Product": {
      "Url": "http://api-productos.qa.seguros.local/"
    },
    "Payment": {
      "Url": "http://api.qa.seguros.local/payment-service/"
    },
    "Pdf": {
      "Url": "https://pdf-service-42nqpimoca-uc.a.run.app/"
    },
    "Notifications": {
      "Url": "http://api-notificaciones.qa.seguros.local/notificaciones/"
    },
    "Zendesk": {
      "Url": "https://atencionconfuturo1616160263.zendesk.com/", //"https://atencionconfuturo.zendesk.com/",
      //"Token": "2a0bf8a49cf0b0b3fa9a5238ba236baea5d21cbba737a64c3557f80960544489",  //token para prod
      "User": "jvergarat@confuturo.cl",
      "Pass": "Confuturo2021",
      //"SendTicketFromEmail": true,
      //"Email": "support@atencionconfuturo.zendesk.com",
      //"Ticket": {
      //  "Channel": "Portal_clientes"
      //}
      "FormId": "20303878720020",
      "Process": "33125056531988", // Tramite
      "RemittanceNumber": "20303714924948", // Numero remesable
      "Policy": "20303361492884", // Poliza"
      "ProductFamily": "20303373617044", // Familia del producto
      "AttentionType": "20303563434644", // Tipo de atencion"
      "Attention": "20303615732628", // Atencion
      "AttentionChannel": "20303791201044", // canal de atencion
      "ProcessState": "33125265115284", // Estado Trámite
      "BranchOffice": "20303809226388", // sucursal
      "BranchOfficeName": "360044337571"
    },
    "Kta": {
      "Url": "http://192.168.68.19/vwnetx_Confuturo_Zendesk/",
      "User": "admin",
      "Pass": "admin"
    },
    "HumanResources": {
      "Url": "http://api.qa.seguros.local/rrhh/"
    }
  },
  "Keycloak": {
    "Url": "https://auth-qa.confuturo.cl/auth",
    "Realm": "confuturo-sso-qa",
    "User": "backend-transaction-manager", // backend-portal-privado
    "SecretKey": "" // 72aa71c7-55cf-4a18-b47a-a648cba6da6c
  },
  "UrlVisualTime": "http://testapps292.seguros.local/vtimenet/visualtime/bucvtpipe.aspx",
  "currentPeriodTest": "202410"
}
=== FIN DEL CONTENIDO JSON ===
=== CLAVES DE PRIMER NIVEL ===
- Logging
- AppSettings
- Apis
- TestMode
- UrlVisualTime
- currentPeriodTest
- Emails
- Keycloak
- ConnectionStrings
=== FIN DE CLAVES DE PRIMER NIVEL ===
  Entonces imprimo el contenido del JSON para depuración                                                                     # com.confuturo.steps.JsonValidationSteps.imprimoElContenidoDelJsonParaDepuracion()
]]></system-out>
  </testcase>
  <testcase name="Verificar la Url del Cliente" classname="Validación de configuración del Backend.BackOffice.Zendesk #1" time="1.096">
    <system-out><![CDATA[
Escenario: Verificar la Url del Cliente                                                                                      # src/test/resources/features/json-validation-development.feature:13
Conectando al repositorio: confuturo_ti/portales-internos/transaction-manager/backend-transaction-manager
Buscando token en archivo .env...
Comprobando archivo .env en: C:\Users\spena\Desktop\AutomationYamlAndJson\AutomationYamlAndJson\yaml-validator\.env
Comprobando archivo .env en: C:\Users\spena\Desktop\AutomationYamlAndJson\AutomationYamlAndJson\yaml-validator\..\.env
Archivo .env encontrado en: C:\Users\spena\Desktop\AutomationYamlAndJson\AutomationYamlAndJson\yaml-validator\..\.env
Token encontrado en archivo .env: ../.env
Conexión a GitLab establecida correctamente
Conexión establecida correctamente al repositorio: confuturo_ti/portales-internos/transaction-manager/backend-transaction-manager
  Dado que tengo acceso al repositorio JSON "confuturo_ti/portales-internos/transaction-manager/backend-transaction-manager" # com.confuturo.steps.JsonValidationSteps.queAccesoAlRepositorioJson(java.lang.String)
Intentando leer archivo JSON: src/Backend.BackOffice.Zendesk/appsettings.Development.json del proyecto: confuturo_ti/portales-internos/transaction-manager/backend-transaction-manager
Proyecto encontrado con ID: 61972501
Intentando obtener archivo de la rama: develop
Archivo encontrado en la rama: develop
Contenido JSON guardado en 'gitlab-json-content.txt'
=== CONTENIDO JSON ORIGINAL ===
{
  "AppSettings": {
    "Version": "0.01.202411201030"
  },
  "ConnectionStrings": {
    "PensionesDB": "User Id=PENSIONES;Password=PENSIONES;Data Source=(DESCRIPTION=(ADDRESS_LIST=(ADDRESS=(PROTOCOL=TCP)(HOST=192.168.154.171)(PORT=1523)))(CONNECT_DATA=(SERVICE_NAME=PREVQA3)));Pooling=true;",
    "PensionesUserDB": "User Id=[usrPensiones];Password=abcabc12;Data Source=(DESCRIPTION=(ADDRESS_LIST=(ADDRESS=(PROTOCOL=TCP)(HOST=192.168.154.171)(PORT=1523)))(CONNECT_DATA=(SERVICE_NAME=PREVQA3)));Pooling=true;",
    "TransactionsDB": "Server=192.168.154.92;User ID=usr_transaction_manager;Password=KThJV1YrfGLE0Th;Port=5432;Database=transaction_manager;Integrated Security=true;Pooling=true;Include Error Detail=true;"
    //"TransactionsDB": "Server=localhost;User ID=postgres;Password=foo;Port=5432;Database=zendesk_transaction;Integrated Security=true;Pooling=true;Include Error Detail=true;"
  },
  "Logging": {
    "LogLevel": {
      "Default": "Information",
      "Microsoft.AspNetCore": "Warning"
    }
  },
  "TestMode": true, //modo test para el envio de los correos y la generacion de ticket en zendesk
  "Emails": "hcofre@confuturo.cl,mrojas@confuturo.cl,jovalle@confuturo.cl,jhernandezv@confuturo.cl",
  "Apis": {
    "Client": {
      "Url": "http://api-clientes.qa.seguros.local/clientes/"
    },  
    "Product": {
      "Url": "http://api-productos.qa.seguros.local/"
    },
    "Payment": {
      "Url": "http://api.qa.seguros.local/payment-service/"
    },
    "Pdf": {
      "Url": "https://pdf-service-42nqpimoca-uc.a.run.app/"
    },
    "Notifications": {
      "Url": "http://api-notificaciones.qa.seguros.local/notificaciones/"
    },
    "Zendesk": {
      "Url": "https://atencionconfuturo1616160263.zendesk.com/", //"https://atencionconfuturo.zendesk.com/",
      //"Token": "2a0bf8a49cf0b0b3fa9a5238ba236baea5d21cbba737a64c3557f80960544489",  //token para prod
      "User": "jvergarat@confuturo.cl",
      "Pass": "Confuturo2021",
      //"SendTicketFromEmail": true,
      //"Email": "support@atencionconfuturo.zendesk.com",
      //"Ticket": {
      //  "Channel": "Portal_clientes"
      //}
      "FormId": "20303878720020",
      "Process": "33125056531988", // Tramite
      "RemittanceNumber": "20303714924948", // Numero remesable
      "Policy": "20303361492884", // Poliza"
      "ProductFamily": "20303373617044", // Familia del producto
      "AttentionType": "20303563434644", // Tipo de atencion"
      "Attention": "20303615732628", // Atencion
      "AttentionChannel": "20303791201044", // canal de atencion
      "ProcessState": "33125265115284", // Estado Trámite
      "BranchOffice": "20303809226388", // sucursal
      "BranchOfficeName": "360044337571"
    },
    "Kta": {
      "Url": "http://192.168.68.19/vwnetx_Confuturo_Zendesk/",
      "User": "admin",
      "Pass": "admin"
    },
    "HumanResources": {
      "Url": "http://api.qa.seguros.local/rrhh/"
    }
  },
  "Keycloak": {
    "Url": "https://auth-qa.confuturo.cl/auth",
    "Realm": "confuturo-sso-qa",
    "User": "backend-transaction-manager", // backend-portal-privado
    "SecretKey": "" // 72aa71c7-55cf-4a18-b47a-a648cba6da6c
  },
  "UrlVisualTime": "http://testapps292.seguros.local/vtimenet/visualtime/bucvtpipe.aspx",
  "currentPeriodTest": "202410"
}
=== FIN DEL CONTENIDO ORIGINAL ===
JSON limpio guardado en 'cleaned-json-content.txt'
JSON parseado correctamente utilizando Jackson
=== CLAVES DE PRIMER NIVEL EN EL JSON ===
- Logging
- AppSettings
- Apis
- TestMode
- UrlVisualTime
- currentPeriodTest
- Emails
- Keycloak
- ConnectionStrings
======================================
  Cuando leo el archivo JSON "src/Backend.BackOffice.Zendesk/appsettings.Development.json"                                   # com.confuturo.steps.JsonValidationSteps.leoElArchivoJson(java.lang.String)
Campo: Apis.Client.Url
Valor esperado: 'http://api-clientes.qa.seguros.local/clientes/'
Valor actual: 'http://api-clientes.qa.seguros.local/clientes/'
  Entonces el JSON debe contener el campo "Apis.Client.Url" con valor "http://api-clientes.qa.seguros.local/clientes/"       # com.confuturo.steps.JsonValidationSteps.elJsonDebeContenerCampoConValorTexto(java.lang.String,java.lang.String)
]]></system-out>
  </testcase>
  <testcase name="Verificar el modo de prueba" classname="Validación de configuración del Backend.BackOffice.Zendesk #1" time="1.018">
    <system-out><![CDATA[
Escenario: Verificar el modo de prueba                                                                                       # src/test/resources/features/json-validation-development.feature:18
Conectando al repositorio: confuturo_ti/portales-internos/transaction-manager/backend-transaction-manager
Buscando token en archivo .env...
Comprobando archivo .env en: C:\Users\spena\Desktop\AutomationYamlAndJson\AutomationYamlAndJson\yaml-validator\.env
Comprobando archivo .env en: C:\Users\spena\Desktop\AutomationYamlAndJson\AutomationYamlAndJson\yaml-validator\..\.env
Archivo .env encontrado en: C:\Users\spena\Desktop\AutomationYamlAndJson\AutomationYamlAndJson\yaml-validator\..\.env
Token encontrado en archivo .env: ../.env
Conexión a GitLab establecida correctamente
Conexión establecida correctamente al repositorio: confuturo_ti/portales-internos/transaction-manager/backend-transaction-manager
  Dado que tengo acceso al repositorio JSON "confuturo_ti/portales-internos/transaction-manager/backend-transaction-manager" # com.confuturo.steps.JsonValidationSteps.queAccesoAlRepositorioJson(java.lang.String)
Intentando leer archivo JSON: src/Backend.BackOffice.Zendesk/appsettings.Development.json del proyecto: confuturo_ti/portales-internos/transaction-manager/backend-transaction-manager
Proyecto encontrado con ID: 61972501
Intentando obtener archivo de la rama: develop
Archivo encontrado en la rama: develop
Contenido JSON guardado en 'gitlab-json-content.txt'
=== CONTENIDO JSON ORIGINAL ===
{
  "AppSettings": {
    "Version": "0.01.202411201030"
  },
  "ConnectionStrings": {
    "PensionesDB": "User Id=PENSIONES;Password=PENSIONES;Data Source=(DESCRIPTION=(ADDRESS_LIST=(ADDRESS=(PROTOCOL=TCP)(HOST=192.168.154.171)(PORT=1523)))(CONNECT_DATA=(SERVICE_NAME=PREVQA3)));Pooling=true;",
    "PensionesUserDB": "User Id=[usrPensiones];Password=abcabc12;Data Source=(DESCRIPTION=(ADDRESS_LIST=(ADDRESS=(PROTOCOL=TCP)(HOST=192.168.154.171)(PORT=1523)))(CONNECT_DATA=(SERVICE_NAME=PREVQA3)));Pooling=true;",
    "TransactionsDB": "Server=192.168.154.92;User ID=usr_transaction_manager;Password=KThJV1YrfGLE0Th;Port=5432;Database=transaction_manager;Integrated Security=true;Pooling=true;Include Error Detail=true;"
    //"TransactionsDB": "Server=localhost;User ID=postgres;Password=foo;Port=5432;Database=zendesk_transaction;Integrated Security=true;Pooling=true;Include Error Detail=true;"
  },
  "Logging": {
    "LogLevel": {
      "Default": "Information",
      "Microsoft.AspNetCore": "Warning"
    }
  },
  "TestMode": true, //modo test para el envio de los correos y la generacion de ticket en zendesk
  "Emails": "hcofre@confuturo.cl,mrojas@confuturo.cl,jovalle@confuturo.cl,jhernandezv@confuturo.cl",
  "Apis": {
    "Client": {
      "Url": "http://api-clientes.qa.seguros.local/clientes/"
    },  
    "Product": {
      "Url": "http://api-productos.qa.seguros.local/"
    },
    "Payment": {
      "Url": "http://api.qa.seguros.local/payment-service/"
    },
    "Pdf": {
      "Url": "https://pdf-service-42nqpimoca-uc.a.run.app/"
    },
    "Notifications": {
      "Url": "http://api-notificaciones.qa.seguros.local/notificaciones/"
    },
    "Zendesk": {
      "Url": "https://atencionconfuturo1616160263.zendesk.com/", //"https://atencionconfuturo.zendesk.com/",
      //"Token": "2a0bf8a49cf0b0b3fa9a5238ba236baea5d21cbba737a64c3557f80960544489",  //token para prod
      "User": "jvergarat@confuturo.cl",
      "Pass": "Confuturo2021",
      //"SendTicketFromEmail": true,
      //"Email": "support@atencionconfuturo.zendesk.com",
      //"Ticket": {
      //  "Channel": "Portal_clientes"
      //}
      "FormId": "20303878720020",
      "Process": "33125056531988", // Tramite
      "RemittanceNumber": "20303714924948", // Numero remesable
      "Policy": "20303361492884", // Poliza"
      "ProductFamily": "20303373617044", // Familia del producto
      "AttentionType": "20303563434644", // Tipo de atencion"
      "Attention": "20303615732628", // Atencion
      "AttentionChannel": "20303791201044", // canal de atencion
      "ProcessState": "33125265115284", // Estado Trámite
      "BranchOffice": "20303809226388", // sucursal
      "BranchOfficeName": "360044337571"
    },
    "Kta": {
      "Url": "http://192.168.68.19/vwnetx_Confuturo_Zendesk/",
      "User": "admin",
      "Pass": "admin"
    },
    "HumanResources": {
      "Url": "http://api.qa.seguros.local/rrhh/"
    }
  },
  "Keycloak": {
    "Url": "https://auth-qa.confuturo.cl/auth",
    "Realm": "confuturo-sso-qa",
    "User": "backend-transaction-manager", // backend-portal-privado
    "SecretKey": "" // 72aa71c7-55cf-4a18-b47a-a648cba6da6c
  },
  "UrlVisualTime": "http://testapps292.seguros.local/vtimenet/visualtime/bucvtpipe.aspx",
  "currentPeriodTest": "202410"
}
=== FIN DEL CONTENIDO ORIGINAL ===
JSON limpio guardado en 'cleaned-json-content.txt'
JSON parseado correctamente utilizando Jackson
=== CLAVES DE PRIMER NIVEL EN EL JSON ===
- Logging
- AppSettings
- Apis
- TestMode
- UrlVisualTime
- currentPeriodTest
- Emails
- Keycloak
- ConnectionStrings
======================================
  Cuando leo el archivo JSON "src/Backend.BackOffice.Zendesk/appsettings.Development.json"                                   # com.confuturo.steps.JsonValidationSteps.leoElArchivoJson(java.lang.String)
Campo: TestMode
Valor esperado: true
Valor actual: true
  Entonces el JSON debe contener el campo "TestMode" con valor booleano "true"                                               # com.confuturo.steps.JsonValidationSteps.elJsonDebeContenerCampoConValorBooleano(java.lang.String,java.lang.String)
]]></system-out>
  </testcase>
  <testcase name="Depuración del contenido JSON" classname="Validación de configuración del Backend.BackOffice.Zendesk #2" time="1.144">
    <system-out><![CDATA[
Escenario: Depuración del contenido JSON                                                                                     # src/test/resources/features/json-validation-qa.feature:8
Conectando al repositorio: confuturo_ti/portales-internos/transaction-manager/backend-transaction-manager
Buscando token en archivo .env...
Comprobando archivo .env en: C:\Users\spena\Desktop\AutomationYamlAndJson\AutomationYamlAndJson\yaml-validator\.env
Comprobando archivo .env en: C:\Users\spena\Desktop\AutomationYamlAndJson\AutomationYamlAndJson\yaml-validator\..\.env
Archivo .env encontrado en: C:\Users\spena\Desktop\AutomationYamlAndJson\AutomationYamlAndJson\yaml-validator\..\.env
Token encontrado en archivo .env: ../.env
Conexión a GitLab establecida correctamente
Conexión establecida correctamente al repositorio: confuturo_ti/portales-internos/transaction-manager/backend-transaction-manager
  Dado que tengo acceso al repositorio JSON "confuturo_ti/portales-internos/transaction-manager/backend-transaction-manager" # com.confuturo.steps.JsonValidationSteps.queAccesoAlRepositorioJson(java.lang.String)
Intentando leer archivo JSON: src/Backend.BackOffice.Zendesk/appsettings.QA.json del proyecto: confuturo_ti/portales-internos/transaction-manager/backend-transaction-manager
Proyecto encontrado con ID: 61972501
Intentando obtener archivo de la rama: develop
Archivo encontrado en la rama: develop
Contenido JSON guardado en 'gitlab-json-content.txt'
=== CONTENIDO JSON ORIGINAL ===
{
  "AppSettings": {
    "Version": "0.01.202411201030"
  },
  "ConnectionStrings": {
    "PensionesDB": "connection-string",
    "TransactionsDB": "connection-string"
  },
  "Logging": {
    "LogLevel": {
      "Default": "Information",
      "Microsoft.AspNetCore": "Warning"
    }
  },
  "TestMode": true, //modo test para el envio de los correos y la generacion de ticket en zendesk
  "Emails": "hcofre@confuturo.cl,mrojas@confuturo.cl,jovalle@confuturo.cl,jhernandezv@confuturo.cl",
  "Apis": {
    "UrlClients": "http://api-clientes.qa.seguros.local/clientes/",
    "UrlProductos": "http://api-productos.qa.seguros.local/",
    "UrlPayment": "http://api.qa.seguros.local/payment-service/",
    "Zendesk": {
      "Url": "zendesk-data",
      "TestMode": true,
      "SendTicketFromEmail": true,
      "Email": "zendesk-data",
      "Ticket": {
        "Channel": "zendesk-data"
      }
    }
  },
  "Keycloak": {
    "Url": "http://auth-qa.confuturo.cl/auth",
    "Realm": "confuturo-sso-qa",
    "User": "backend-transaction-manager"
  }
}
=== FIN DEL CONTENIDO ORIGINAL ===
JSON limpio guardado en 'cleaned-json-content.txt'
JSON parseado correctamente utilizando Jackson
=== CLAVES DE PRIMER NIVEL EN EL JSON ===
- Logging
- AppSettings
- Apis
- TestMode
- Emails
- Keycloak
- ConnectionStrings
======================================
  Cuando leo el archivo JSON "src/Backend.BackOffice.Zendesk/appsettings.QA.json"                                            # com.confuturo.steps.JsonValidationSteps.leoElArchivoJson(java.lang.String)
=== CONTENIDO JSON RECUPERADO ===
{
  "AppSettings": {
    "Version": "0.01.202411201030"
  },
  "ConnectionStrings": {
    "PensionesDB": "connection-string",
    "TransactionsDB": "connection-string"
  },
  "Logging": {
    "LogLevel": {
      "Default": "Information",
      "Microsoft.AspNetCore": "Warning"
    }
  },
  "TestMode": true, //modo test para el envio de los correos y la generacion de ticket en zendesk
  "Emails": "hcofre@confuturo.cl,mrojas@confuturo.cl,jovalle@confuturo.cl,jhernandezv@confuturo.cl",
  "Apis": {
    "UrlClients": "http://api-clientes.qa.seguros.local/clientes/",
    "UrlProductos": "http://api-productos.qa.seguros.local/",
    "UrlPayment": "http://api.qa.seguros.local/payment-service/",
    "Zendesk": {
      "Url": "zendesk-data",
      "TestMode": true,
      "SendTicketFromEmail": true,
      "Email": "zendesk-data",
      "Ticket": {
        "Channel": "zendesk-data"
      }
    }
  },
  "Keycloak": {
    "Url": "http://auth-qa.confuturo.cl/auth",
    "Realm": "confuturo-sso-qa",
    "User": "backend-transaction-manager"
  }
}
=== FIN DEL CONTENIDO JSON ===
=== CLAVES DE PRIMER NIVEL ===
- Logging
- AppSettings
- Apis
- TestMode
- Emails
- Keycloak
- ConnectionStrings
=== FIN DE CLAVES DE PRIMER NIVEL ===
  Entonces imprimo el contenido del JSON para depuración                                                                     # com.confuturo.steps.JsonValidationSteps.imprimoElContenidoDelJsonParaDepuracion()
]]></system-out>
  </testcase>
  <testcase name="Verificar la Url del Cliente" classname="Validación de configuración del Backend.BackOffice.Zendesk #2" time="0.957">
    <system-out><![CDATA[
Escenario: Verificar la Url del Cliente                                                                                      # src/test/resources/features/json-validation-qa.feature:13
Conectando al repositorio: confuturo_ti/portales-internos/transaction-manager/backend-transaction-manager
Buscando token en archivo .env...
Comprobando archivo .env en: C:\Users\spena\Desktop\AutomationYamlAndJson\AutomationYamlAndJson\yaml-validator\.env
Comprobando archivo .env en: C:\Users\spena\Desktop\AutomationYamlAndJson\AutomationYamlAndJson\yaml-validator\..\.env
Archivo .env encontrado en: C:\Users\spena\Desktop\AutomationYamlAndJson\AutomationYamlAndJson\yaml-validator\..\.env
Token encontrado en archivo .env: ../.env
Conexión a GitLab establecida correctamente
Conexión establecida correctamente al repositorio: confuturo_ti/portales-internos/transaction-manager/backend-transaction-manager
  Dado que tengo acceso al repositorio JSON "confuturo_ti/portales-internos/transaction-manager/backend-transaction-manager" # com.confuturo.steps.JsonValidationSteps.queAccesoAlRepositorioJson(java.lang.String)
Intentando leer archivo JSON: src/Backend.BackOffice.Zendesk/appsettings.QA.json del proyecto: confuturo_ti/portales-internos/transaction-manager/backend-transaction-manager
Proyecto encontrado con ID: 61972501
Intentando obtener archivo de la rama: develop
Archivo encontrado en la rama: develop
Contenido JSON guardado en 'gitlab-json-content.txt'
=== CONTENIDO JSON ORIGINAL ===
{
  "AppSettings": {
    "Version": "0.01.202411201030"
  },
  "ConnectionStrings": {
    "PensionesDB": "connection-string",
    "TransactionsDB": "connection-string"
  },
  "Logging": {
    "LogLevel": {
      "Default": "Information",
      "Microsoft.AspNetCore": "Warning"
    }
  },
  "TestMode": true, //modo test para el envio de los correos y la generacion de ticket en zendesk
  "Emails": "hcofre@confuturo.cl,mrojas@confuturo.cl,jovalle@confuturo.cl,jhernandezv@confuturo.cl",
  "Apis": {
    "UrlClients": "http://api-clientes.qa.seguros.local/clientes/",
    "UrlProductos": "http://api-productos.qa.seguros.local/",
    "UrlPayment": "http://api.qa.seguros.local/payment-service/",
    "Zendesk": {
      "Url": "zendesk-data",
      "TestMode": true,
      "SendTicketFromEmail": true,
      "Email": "zendesk-data",
      "Ticket": {
        "Channel": "zendesk-data"
      }
    }
  },
  "Keycloak": {
    "Url": "http://auth-qa.confuturo.cl/auth",
    "Realm": "confuturo-sso-qa",
    "User": "backend-transaction-manager"
  }
}
=== FIN DEL CONTENIDO ORIGINAL ===
JSON limpio guardado en 'cleaned-json-content.txt'
JSON parseado correctamente utilizando Jackson
=== CLAVES DE PRIMER NIVEL EN EL JSON ===
- Logging
- AppSettings
- Apis
- TestMode
- Emails
- Keycloak
- ConnectionStrings
======================================
  Cuando leo el archivo JSON "src/Backend.BackOffice.Zendesk/appsettings.QA.json"                                            # com.confuturo.steps.JsonValidationSteps.leoElArchivoJson(java.lang.String)
Campo: Apis.UrlClients
Valor esperado: 'http://api-clientes.qa.seguros.local/clientes/'
Valor actual: 'http://api-clientes.qa.seguros.local/clientes/'
  Entonces el JSON debe contener el campo "Apis.UrlClients" con valor "http://api-clientes.qa.seguros.local/clientes/"       # com.confuturo.steps.JsonValidationSteps.elJsonDebeContenerCampoConValorTexto(java.lang.String,java.lang.String)
]]></system-out>
  </testcase>
  <testcase name="Verificar el modo de prueba" classname="Validación de configuración del Backend.BackOffice.Zendesk #2" time="1.004">
    <system-out><![CDATA[
Escenario: Verificar el modo de prueba                                                                                       # src/test/resources/features/json-validation-qa.feature:18
Conectando al repositorio: confuturo_ti/portales-internos/transaction-manager/backend-transaction-manager
Buscando token en archivo .env...
Comprobando archivo .env en: C:\Users\spena\Desktop\AutomationYamlAndJson\AutomationYamlAndJson\yaml-validator\.env
Comprobando archivo .env en: C:\Users\spena\Desktop\AutomationYamlAndJson\AutomationYamlAndJson\yaml-validator\..\.env
Archivo .env encontrado en: C:\Users\spena\Desktop\AutomationYamlAndJson\AutomationYamlAndJson\yaml-validator\..\.env
Token encontrado en archivo .env: ../.env
Conexión a GitLab establecida correctamente
Conexión establecida correctamente al repositorio: confuturo_ti/portales-internos/transaction-manager/backend-transaction-manager
  Dado que tengo acceso al repositorio JSON "confuturo_ti/portales-internos/transaction-manager/backend-transaction-manager" # com.confuturo.steps.JsonValidationSteps.queAccesoAlRepositorioJson(java.lang.String)
Intentando leer archivo JSON: src/Backend.BackOffice.Zendesk/appsettings.QA.json del proyecto: confuturo_ti/portales-internos/transaction-manager/backend-transaction-manager
Proyecto encontrado con ID: 61972501
Intentando obtener archivo de la rama: develop
Archivo encontrado en la rama: develop
Contenido JSON guardado en 'gitlab-json-content.txt'
=== CONTENIDO JSON ORIGINAL ===
{
  "AppSettings": {
    "Version": "0.01.202411201030"
  },
  "ConnectionStrings": {
    "PensionesDB": "connection-string",
    "TransactionsDB": "connection-string"
  },
  "Logging": {
    "LogLevel": {
      "Default": "Information",
      "Microsoft.AspNetCore": "Warning"
    }
  },
  "TestMode": true, //modo test para el envio de los correos y la generacion de ticket en zendesk
  "Emails": "hcofre@confuturo.cl,mrojas@confuturo.cl,jovalle@confuturo.cl,jhernandezv@confuturo.cl",
  "Apis": {
    "UrlClients": "http://api-clientes.qa.seguros.local/clientes/",
    "UrlProductos": "http://api-productos.qa.seguros.local/",
    "UrlPayment": "http://api.qa.seguros.local/payment-service/",
    "Zendesk": {
      "Url": "zendesk-data",
      "TestMode": true,
      "SendTicketFromEmail": true,
      "Email": "zendesk-data",
      "Ticket": {
        "Channel": "zendesk-data"
      }
    }
  },
  "Keycloak": {
    "Url": "http://auth-qa.confuturo.cl/auth",
    "Realm": "confuturo-sso-qa",
    "User": "backend-transaction-manager"
  }
}
=== FIN DEL CONTENIDO ORIGINAL ===
JSON limpio guardado en 'cleaned-json-content.txt'
JSON parseado correctamente utilizando Jackson
=== CLAVES DE PRIMER NIVEL EN EL JSON ===
- Logging
- AppSettings
- Apis
- TestMode
- Emails
- Keycloak
- ConnectionStrings
======================================
  Cuando leo el archivo JSON "src/Backend.BackOffice.Zendesk/appsettings.QA.json"                                            # com.confuturo.steps.JsonValidationSteps.leoElArchivoJson(java.lang.String)
Campo: TestMode
Valor esperado: true
Valor actual: true
  Entonces el JSON debe contener el campo "TestMode" con valor booleano "true"                                               # com.confuturo.steps.JsonValidationSteps.elJsonDebeContenerCampoConValorBooleano(java.lang.String,java.lang.String)

===== VERIFICANDO QUE NO EXISTA LA PALABRA EXACTA =====
Palabra EXACTA que NO debe existir: 'prod'
Nota: Solo busca la palabra completa, no como parte de otras palabras
Patrón de búsqueda (palabra exacta): \b\Qprod\E\b
¿Palabra EXACTA encontrada? false
✓ Correcto: La palabra EXACTA 'prod' NO fue encontrada
ℹ Nota informativa: La secuencia 'prod' SÍ aparece como parte de otras palabras, pero NO como palabra independiente
  Ejemplo 1: ...tes/", "UrlProductos": "http:/...
  Ejemplo 2: ...": "http://api-productos.qa.seguro...
  Y el archivo NO debe contener la palabra "prod"                                                                            # com.confuturo.steps.JsonValidationSteps.elArchivoNoDebeContenerLaPalabra(java.lang.String)
]]></system-out>
  </testcase>
  <testcase name="El archivo YAML de produccion debe tener solo valores que hagan referencia a produccion" classname="Validación de archivo YAML de valores para Kubernetes #1" time="1.391">
    <system-out><![CDATA[
Escenario: El archivo YAML de produccion debe tener solo valores que hagan referencia a produccion                                                         # src/test/resources/features/yaml-validation_prod.feature:8
Conectando al repositorio: confuturo_ti/portales-internos/transaction-manager/backend-transaction-manager
Buscando token en archivo .env...
Comprobando archivo .env en: C:\Users\spena\Desktop\AutomationYamlAndJson\AutomationYamlAndJson\yaml-validator\.env
Comprobando archivo .env en: C:\Users\spena\Desktop\AutomationYamlAndJson\AutomationYamlAndJson\yaml-validator\..\.env
Archivo .env encontrado en: C:\Users\spena\Desktop\AutomationYamlAndJson\AutomationYamlAndJson\yaml-validator\..\.env
Token encontrado en archivo .env: ../.env
Conexión a GitLab establecida correctamente
Conexión establecida correctamente al repositorio: confuturo_ti/portales-internos/transaction-manager/backend-transaction-manager
  Dado que tengo acceso al repositorio "confuturo_ti/portales-internos/transaction-manager/backend-transaction-manager"                                    # com.confuturo.steps.YamlValidationSteps.queAccesoAlRepositorio(java.lang.String)
Intentando leer archivo: helm/prod-values-gke.yaml del proyecto: confuturo_ti/portales-internos/transaction-manager/backend-transaction-manager
Proyecto encontrado con ID: 61972501
Contenido YAML guardado en 'gitlab-yaml-content.txt'
Archivo YAML leído y parseado correctamente
  Cuando leo el archivo "helm/prod-values-gke.yaml"                                                                                                        # com.confuturo.steps.YamlValidationSteps.leoElArchivo(java.lang.String)
Campo: ASPNETCORE_ENVIRONMENT
Valor esperado: 'Production'
Valor actual: 'Production'
  Entonces el archivo debe contener el campo "ASPNETCORE_ENVIRONMENT" con valor "Production"                                                               # com.confuturo.steps.YamlValidationSteps.elArchivoDebeContenerCampoConValorTexto(java.lang.String,java.lang.String)
Campo: Apis__Client__Url
Valor esperado: 'http://cliente-servicio-api.prod-servicios-globales.svc.cluster.local/clientes/'
Valor actual: 'http://cliente-servicio-api.prod-servicios-globales.svc.cluster.local/clientes/'
  Y el archivo debe contener el campo "Apis__Client__Url" con valor "http://cliente-servicio-api.prod-servicios-globales.svc.cluster.local/clientes/"      # com.confuturo.steps.YamlValidationSteps.elArchivoDebeContenerCampoConValorTexto(java.lang.String,java.lang.String)
Campo: Apis__Product__Url
Valor esperado: 'http://productos-services.prod-servicios-globales.svc.cluster.local/productos/'
Valor actual: 'http://productos-services.prod-servicios-globales.svc.cluster.local/productos/'
  Y el archivo debe contener el campo "Apis__Product__Url" con valor "http://productos-services.prod-servicios-globales.svc.cluster.local/productos/"      # com.confuturo.steps.YamlValidationSteps.elArchivoDebeContenerCampoConValorTexto(java.lang.String,java.lang.String)
Campo: Apis__Payment__Url
Valor esperado: 'http://payment-service-api.prod-payment-services.svc.cluster.local/payment-service/'
Valor actual: 'http://payment-service-api.prod-payment-services.svc.cluster.local/payment-service/'
  Y el archivo debe contener el campo "Apis__Payment__Url" con valor "http://payment-service-api.prod-payment-services.svc.cluster.local/payment-service/" # com.confuturo.steps.YamlValidationSteps.elArchivoDebeContenerCampoConValorTexto(java.lang.String,java.lang.String)
Campo: Apis__Zendesk__Url
Valor esperado: 'https://atencionconfuturo.zendesk.com/'
Valor actual: 'https://atencionconfuturo.zendesk.com/'
  Y el archivo debe contener el campo "Apis__Zendesk__Url" con valor "https://atencionconfuturo.zendesk.com/"                                              # com.confuturo.steps.YamlValidationSteps.elArchivoDebeContenerCampoConValorTexto(java.lang.String,java.lang.String)
Campo: Apis__Pdf__Url 
Valor esperado: 'http://pdf-service.prod-pdf-service.svc.cluster.local/pdf-service/'
Valor actual: 'http://pdf-service.prod-pdf-service.svc.cluster.local/pdf-service/'
  Y el archivo debe contener el campo "Apis__Pdf__Url " con valor "http://pdf-service.prod-pdf-service.svc.cluster.local/pdf-service/"                     # com.confuturo.steps.YamlValidationSteps.elArchivoDebeContenerCampoConValorTexto(java.lang.String,java.lang.String)
Campo: Apis__Kta__Url 
Valor esperado: 'http://192.168.83.90/vwnetx_Confuturo_Zendesk/'
Valor actual: 'http://192.168.83.90/vwnetx_Confuturo_Zendesk/'
  Y el archivo debe contener el campo "Apis__Kta__Url " con valor "http://192.168.83.90/vwnetx_Confuturo_Zendesk/"                                         # com.confuturo.steps.YamlValidationSteps.elArchivoDebeContenerCampoConValorTexto(java.lang.String,java.lang.String)

===== VERIFICACIÓN ESPECÍFICA DE Apis__Kta__User =====
Valor esperado: 'admin'
Campo encontrado: Apis__Kta__User
Valor actual: 'admin'
¿Son iguales? true
¡Validación exitosa! Los valores son iguales
  Y el valor de Apis__Kta__User debe ser "admin"                                                                                                           # com.confuturo.steps.YamlValidationSteps.elValorDeApisKtaUserDebeSer(java.lang.String)
Campo: Apis__Notifications__Url
Valor esperado: 'http://api-notificaciones.prod-notificaciones.svc.cluster.local/notificacion/'
Valor actual: 'http://api-notificaciones.prod-notificaciones.svc.cluster.local/notificacion/'
  Y el archivo debe contener el campo "Apis__Notifications__Url" con valor "http://api-notificaciones.prod-notificaciones.svc.cluster.local/notificacion/" # com.confuturo.steps.YamlValidationSteps.elArchivoDebeContenerCampoConValorTexto(java.lang.String,java.lang.String)
Campo: Apis__HumanResources__Url
Valor esperado: 'http://rrhh-service.prod-rrhh-service.svc.cluster.local/rrhh/'
Valor actual: 'http://rrhh-service.prod-rrhh-service.svc.cluster.local/rrhh/'
  Y el archivo debe contener el campo "Apis__HumanResources__Url" con valor "http://rrhh-service.prod-rrhh-service.svc.cluster.local/rrhh/"                # com.confuturo.steps.YamlValidationSteps.elArchivoDebeContenerCampoConValorTexto(java.lang.String,java.lang.String)
Campo: UrlVisualTime 
Valor esperado: 'http://prodapps292.seguros.local/vtimenet/visualtime/bucvtpipe.aspx'
Valor actual: 'http://prodapps292.seguros.local/vtimenet/visualtime/bucvtpipe.aspx'
  Y el archivo debe contener el campo "UrlVisualTime " con valor "http://prodapps292.seguros.local/vtimenet/visualtime/bucvtpipe.aspx"                     # com.confuturo.steps.YamlValidationSteps.elArchivoDebeContenerCampoConValorTexto(java.lang.String,java.lang.String)
Campo: vault.hashicorp.com/role
Valor esperado: 'prod'
Valor actual: 'prod'
  Y el archivo debe contener el campo "vault.hashicorp.com/role" con valor "prod"                                                                          # com.confuturo.steps.YamlValidationSteps.elArchivoDebeContenerCampoConValorTexto(java.lang.String,java.lang.String)
]]></system-out>
  </testcase>
  <testcase name="El archivo YAML debe tener la configuración de servicios correcta" classname="Validación de archivo YAML de valores para Kubernetes #1" time="1.271">
    <system-out><![CDATA[
Escenario: El archivo YAML debe tener la configuración de servicios correcta                                            # src/test/resources/features/yaml-validation_prod.feature:24
Conectando al repositorio: confuturo_ti/portales-internos/transaction-manager/backend-transaction-manager
Buscando token en archivo .env...
Comprobando archivo .env en: C:\Users\spena\Desktop\AutomationYamlAndJson\AutomationYamlAndJson\yaml-validator\.env
Comprobando archivo .env en: C:\Users\spena\Desktop\AutomationYamlAndJson\AutomationYamlAndJson\yaml-validator\..\.env
Archivo .env encontrado en: C:\Users\spena\Desktop\AutomationYamlAndJson\AutomationYamlAndJson\yaml-validator\..\.env
Token encontrado en archivo .env: ../.env
Conexión a GitLab establecida correctamente
Conexión establecida correctamente al repositorio: confuturo_ti/portales-internos/transaction-manager/backend-transaction-manager
  Dado que tengo acceso al repositorio "confuturo_ti/portales-internos/transaction-manager/backend-transaction-manager" # com.confuturo.steps.YamlValidationSteps.queAccesoAlRepositorio(java.lang.String)
Intentando leer archivo: helm/prod-values-gke.yaml del proyecto: confuturo_ti/portales-internos/transaction-manager/backend-transaction-manager
Proyecto encontrado con ID: 61972501
Contenido YAML guardado en 'gitlab-yaml-content.txt'
Archivo YAML leído y parseado correctamente
  Cuando leo el archivo "helm/prod-values-gke.yaml"                                                                     # com.confuturo.steps.YamlValidationSteps.leoElArchivo(java.lang.String)
Campo: serviceAccount.create
Valor esperado: true
Valor actual: true
  Entonces el archivo debe contener el campo "serviceAccount.create" con valor true                                     # com.confuturo.steps.YamlValidationSteps.elArchivoDebeContenerCampoConValorTrue(java.lang.String)
Campo: TestMode
Valor esperado: false
Valor actual: false
  Y el archivo debe contener el campo "TestMode" con valor false                                                        # com.confuturo.steps.YamlValidationSteps.elArchivoDebeContenerCampoConValorFalse(java.lang.String)
]]></system-out>
  </testcase>
  <testcase name="El archivo YAML de QA debe tener solo valores que hagan referencia a QA" classname="Validación de archivo YAML de valores para Kubernetes #2" time="1.019">
    <system-out><![CDATA[
Escenario: El archivo YAML de QA debe tener solo valores que hagan referencia a QA                                                                         # src/test/resources/features/yaml-validation_qa.feature:8
Conectando al repositorio: confuturo_ti/portales-internos/transaction-manager/backend-transaction-manager
Buscando token en archivo .env...
Comprobando archivo .env en: C:\Users\spena\Desktop\AutomationYamlAndJson\AutomationYamlAndJson\yaml-validator\.env
Comprobando archivo .env en: C:\Users\spena\Desktop\AutomationYamlAndJson\AutomationYamlAndJson\yaml-validator\..\.env
Archivo .env encontrado en: C:\Users\spena\Desktop\AutomationYamlAndJson\AutomationYamlAndJson\yaml-validator\..\.env
Token encontrado en archivo .env: ../.env
Conexión a GitLab establecida correctamente
Conexión establecida correctamente al repositorio: confuturo_ti/portales-internos/transaction-manager/backend-transaction-manager
  Dado que tengo acceso al repositorio "confuturo_ti/portales-internos/transaction-manager/backend-transaction-manager"                                    # com.confuturo.steps.YamlValidationSteps.queAccesoAlRepositorio(java.lang.String)
Intentando leer archivo: helm/qa-values-gke.yaml del proyecto: confuturo_ti/portales-internos/transaction-manager/backend-transaction-manager
Proyecto encontrado con ID: 61972501
Contenido YAML guardado en 'gitlab-yaml-content.txt'
Archivo YAML leído y parseado correctamente
  Cuando leo el archivo "helm/qa-values-gke.yaml"                                                                                                          # com.confuturo.steps.YamlValidationSteps.leoElArchivo(java.lang.String)
Campo: ASPNETCORE_ENVIRONMENT
Valor esperado: 'QA'
Valor actual: 'QA'
  Entonces el archivo debe contener el campo "ASPNETCORE_ENVIRONMENT" con valor "QA"                                                                       # com.confuturo.steps.YamlValidationSteps.elArchivoDebeContenerCampoConValorTexto(java.lang.String,java.lang.String)
Campo: Apis__Client__Url
Valor esperado: 'http://cliente-servicio-api.qa-clientes.svc.cluster.local/clientes/'
Valor actual: 'http://cliente-servicio-api.qa-clientes.svc.cluster.local/clientes/'
  Y el archivo debe contener el campo "Apis__Client__Url" con valor "http://cliente-servicio-api.qa-clientes.svc.cluster.local/clientes/"                  # com.confuturo.steps.YamlValidationSteps.elArchivoDebeContenerCampoConValorTexto(java.lang.String,java.lang.String)
Campo: Apis__Product__Url
Valor esperado: 'http://productos-services.qa-servicios-globales.svc.cluster.local/productos/'
Valor actual: 'http://productos-services.qa-servicios-globales.svc.cluster.local/productos/'
  Y el archivo debe contener el campo "Apis__Product__Url" con valor "http://productos-services.qa-servicios-globales.svc.cluster.local/productos/"        # com.confuturo.steps.YamlValidationSteps.elArchivoDebeContenerCampoConValorTexto(java.lang.String,java.lang.String)
Campo: Apis__Payment__Url
Valor esperado: 'http://payment-service-api.qa-payment-services.svc.cluster.local/payment-service/'
Valor actual: 'http://payment-service-api.qa-payment-services.svc.cluster.local/payment-service/'
  Y el archivo debe contener el campo "Apis__Payment__Url" con valor "http://payment-service-api.qa-payment-services.svc.cluster.local/payment-service/"   # com.confuturo.steps.YamlValidationSteps.elArchivoDebeContenerCampoConValorTexto(java.lang.String,java.lang.String)
Campo: Apis__Zendesk__Url
Valor esperado: 'https://atencionconfuturo1616160263.zendesk.com/'
Valor actual: 'https://atencionconfuturo1616160263.zendesk.com/'
  Y el archivo debe contener el campo "Apis__Zendesk__Url" con valor "https://atencionconfuturo1616160263.zendesk.com/"                                    # com.confuturo.steps.YamlValidationSteps.elArchivoDebeContenerCampoConValorTexto(java.lang.String,java.lang.String)
Campo: Apis__Pdf__Url
Valor esperado: 'http://pdf-service.qa-pdf-service.svc.cluster.local/pdf-service/'
Valor actual: 'http://pdf-service.qa-pdf-service.svc.cluster.local/pdf-service/'
  Y el archivo debe contener el campo "Apis__Pdf__Url" con valor "http://pdf-service.qa-pdf-service.svc.cluster.local/pdf-service/"                        # com.confuturo.steps.YamlValidationSteps.elArchivoDebeContenerCampoConValorTexto(java.lang.String,java.lang.String)
Campo: Apis__Kta__Url
Valor esperado: 'http://192.168.68.19/vwnetx_confuturo_zendesk/'
Valor actual: 'http://192.168.68.19/vwnetx_confuturo_zendesk/'
  Y el archivo debe contener el campo "Apis__Kta__Url" con valor "http://192.168.68.19/vwnetx_confuturo_zendesk/"                                          # com.confuturo.steps.YamlValidationSteps.elArchivoDebeContenerCampoConValorTexto(java.lang.String,java.lang.String)

===== VERIFICACIÓN ESPECÍFICA DE Apis__Kta__User =====
Valor esperado: 'admin'
Campo encontrado: Apis__Kta__User
Valor actual: 'admin'
¿Son iguales? true
¡Validación exitosa! Los valores son iguales
  Y el valor de Apis__Kta__User debe ser "admin"                                                                                                           # com.confuturo.steps.YamlValidationSteps.elValorDeApisKtaUserDebeSer(java.lang.String)
Campo: Apis__Notifications__Url
Valor esperado: 'http://api-notificaciones.qa-notificaciones.svc.cluster.local/notificaciones/'
Valor actual: 'http://api-notificaciones.qa-notificaciones.svc.cluster.local/notificaciones/'
  Y el archivo debe contener el campo "Apis__Notifications__Url" con valor "http://api-notificaciones.qa-notificaciones.svc.cluster.local/notificaciones/" # com.confuturo.steps.YamlValidationSteps.elArchivoDebeContenerCampoConValorTexto(java.lang.String,java.lang.String)
Campo: Apis__HumanResources__Url
Valor esperado: 'http://rrhh-service.qa-rrhh-service.svc.cluster.local/rrhh/'
Valor actual: 'http://rrhh-service.qa-rrhh-service.svc.cluster.local/rrhh/'
  Y el archivo debe contener el campo "Apis__HumanResources__Url" con valor "http://rrhh-service.qa-rrhh-service.svc.cluster.local/rrhh/"                  # com.confuturo.steps.YamlValidationSteps.elArchivoDebeContenerCampoConValorTexto(java.lang.String,java.lang.String)
Campo: UrlVisualTime
Valor esperado: 'http://testapps292.seguros.local/vtimenet/visualtime/bucvtpipe.aspx'
Valor actual: 'http://testapps292.seguros.local/vtimenet/visualtime/bucvtpipe.aspx'
  Y el archivo debe contener el campo "UrlVisualTime" con valor "http://testapps292.seguros.local/vtimenet/visualtime/bucvtpipe.aspx"                      # com.confuturo.steps.YamlValidationSteps.elArchivoDebeContenerCampoConValorTexto(java.lang.String,java.lang.String)
Campo: vault.hashicorp.com/role
Valor esperado: 'qa'
Valor actual: 'qa'
  Y el archivo debe contener el campo "vault.hashicorp.com/role" con valor "qa"                                                                            # com.confuturo.steps.YamlValidationSteps.elArchivoDebeContenerCampoConValorTexto(java.lang.String,java.lang.String)
]]></system-out>
  </testcase>
  <testcase name="El archivo YAML debe tener la configuración de servicios correcta" classname="Validación de archivo YAML de valores para Kubernetes #2" time="1.011">
    <system-out><![CDATA[
Escenario: El archivo YAML debe tener la configuración de servicios correcta                                                                     # src/test/resources/features/yaml-validation_qa.feature:24
Conectando al repositorio: confuturo_ti/portales-internos/transaction-manager/backend-transaction-manager
Buscando token en archivo .env...
Comprobando archivo .env en: C:\Users\spena\Desktop\AutomationYamlAndJson\AutomationYamlAndJson\yaml-validator\.env
Comprobando archivo .env en: C:\Users\spena\Desktop\AutomationYamlAndJson\AutomationYamlAndJson\yaml-validator\..\.env
Archivo .env encontrado en: C:\Users\spena\Desktop\AutomationYamlAndJson\AutomationYamlAndJson\yaml-validator\..\.env
Token encontrado en archivo .env: ../.env
Conexión a GitLab establecida correctamente
Conexión establecida correctamente al repositorio: confuturo_ti/portales-internos/transaction-manager/backend-transaction-manager
  Dado que tengo acceso al repositorio "confuturo_ti/portales-internos/transaction-manager/backend-transaction-manager"                          # com.confuturo.steps.YamlValidationSteps.queAccesoAlRepositorio(java.lang.String)
Intentando leer archivo: helm/qa-values-gke.yaml del proyecto: confuturo_ti/portales-internos/transaction-manager/backend-transaction-manager
Proyecto encontrado con ID: 61972501
Contenido YAML guardado en 'gitlab-yaml-content.txt'
Archivo YAML leído y parseado correctamente
  Cuando leo el archivo "helm/qa-values-gke.yaml"                                                                                                # com.confuturo.steps.YamlValidationSteps.leoElArchivo(java.lang.String)
Campo: serviceAccount.create
Valor esperado: true
Valor actual: true
  Entonces el archivo debe contener el campo "serviceAccount.create" con valor true                                                              # com.confuturo.steps.YamlValidationSteps.elArchivoDebeContenerCampoConValorTrue(java.lang.String)
Campo: TestMode
Valor esperado: 'true  # modo test para el envio de los correos y la generacion de ticket en zendesk'
Valor actual: 'true  # modo test para el envio de los correos y la generacion de ticket en zendesk'
  Y el archivo debe contener el campo "TestMode" con valor "true  # modo test para el envio de los correos y la generacion de ticket en zendesk" # com.confuturo.steps.YamlValidationSteps.elArchivoDebeContenerCampoConValorTexto(java.lang.String,java.lang.String)
]]></system-out>
  </testcase>
</testsuite>